{"meta": {"format": 3, "version": "7.13.1", "timestamp": "2026-01-24T20:13:30.801979", "branch_coverage": false, "show_contexts": false}, "files": {"fastapi_template/__init__.py": {"executed_lines": [], "summary": {"covered_lines": 0, "num_statements": 0, "percent_covered": 100.0, "percent_covered_display": "100", "missing_lines": 0, "excluded_lines": 0, "percent_statements_covered": 100.0, "percent_statements_covered_display": "100"}, "missing_lines": [], "excluded_lines": [], "functions": {"": {"executed_lines": [], "summary": {"covered_lines": 0, "num_statements": 0, "percent_covered": 100.0, "percent_covered_display": "100", "missing_lines": 0, "excluded_lines": 0, "percent_statements_covered": 100.0, "percent_statements_covered_display": "100"}, "missing_lines": [], "excluded_lines": [], "start_line": 1}}, "classes": {"": {"executed_lines": [], "summary": {"covered_lines": 0, "num_statements": 0, "percent_covered": 100.0, "percent_covered_display": "100", "missing_lines": 0, "excluded_lines": 0, "percent_statements_covered": 100.0, "percent_statements_covered_display": "100"}, "missing_lines": [], "excluded_lines": [], "start_line": 1}}}, "fastapi_template/api/__init__.py": {"executed_lines": [], "summary": {"covered_lines": 0, "num_statements": 0, "percent_covered": 100.0, "percent_covered_display": "100", "missing_lines": 0, "excluded_lines": 0, "percent_statements_covered": 100.0, "percent_statements_covered_display": "100"}, "missing_lines": [], "excluded_lines": [], "functions": {"": {"executed_lines": [], "summary": {"covered_lines": 0, "num_statements": 0, "percent_covered": 100.0, "percent_covered_display": "100", "missing_lines": 0, "excluded_lines": 0, "percent_statements_covered": 100.0, "percent_statements_covered_display": "100"}, "missing_lines": [], "excluded_lines": [], "start_line": 1}}, "classes": {"": {"executed_lines": [], "summary": {"covered_lines": 0, "num_statements": 0, "percent_covered": 100.0, "percent_covered_display": "100", "missing_lines": 0, "excluded_lines": 0, "percent_statements_covered": 100.0, "percent_statements_covered_display": "100"}, "missing_lines": [], "excluded_lines": [], "start_line": 1}}}, "fastapi_template/api/documents.py": {"executed_lines": [26, 27, 28, 29, 31, 32, 33, 34, 36, 37, 38, 42, 48, 49, 50, 52, 55, 58, 68, 76, 86, 87, 90, 91, 92, 121, 129, 131, 132, 133, 138, 140, 143, 144, 146, 147, 148, 149, 155, 158, 167, 168, 171, 176, 177, 183, 184, 185, 186, 187, 188, 193, 194, 196, 199, 200, 201, 234, 235, 237, 243, 244, 245, 246, 248, 249, 250, 256, 261, 262, 267, 268, 269, 270, 276, 277, 281, 282, 283, 288, 295, 296, 297, 303, 304, 305, 335, 336, 342, 343, 345, 353, 354, 358, 359, 360], "summary": {"covered_lines": 96, "num_statements": 104, "percent_covered": 92.3076923076923, "percent_covered_display": "92", "missing_lines": 8, "excluded_lines": 0, "percent_statements_covered": 92.3076923076923, "percent_statements_covered_display": "92"}, "missing_lines": [122, 123, 172, 173, 346, 347, 366, 367], "excluded_lines": [], "functions": {"iter_file_chunks": {"executed_lines": [86, 87], "summary": {"covered_lines": 2, "num_statements": 2, "percent_covered": 100.0, "percent_covered_display": "100", "missing_lines": 0, "excluded_lines": 0, "percent_statements_covered": 100.0, "percent_statements_covered_display": "100"}, "missing_lines": [], "excluded_lines": [], "start_line": 76}, "upload_document": {"executed_lines": [121, 129, 131, 132, 133, 138, 140, 143, 144, 146, 147, 148, 149, 155, 158, 167, 168, 171, 176, 177, 183, 184, 185, 186, 187, 188, 193, 194, 196], "summary": {"covered_lines": 29, "num_statements": 33, "percent_covered": 87.87878787878788, "percent_covered_display": "88", "missing_lines": 4, "excluded_lines": 0, "percent_statements_covered": 87.87878787878788, "percent_statements_covered_display": "88"}, "missing_lines": [122, 123, 172, 173], "excluded_lines": [], "start_line": 92}, "download_document": {"executed_lines": [234, 235, 237, 243, 244, 245, 246, 248, 249, 250, 256, 261, 262, 267, 268, 269, 270, 276, 277, 281, 282, 283, 288, 295, 296, 297], "summary": {"covered_lines": 26, "num_statements": 26, "percent_covered": 100.0, "percent_covered_display": "100", "missing_lines": 0, "excluded_lines": 0, "percent_statements_covered": 100.0, "percent_statements_covered_display": "100"}, "missing_lines": [], "excluded_lines": [], "start_line": 201}, "delete_document": {"executed_lines": [335, 336, 342, 343, 345, 353, 354, 358, 359, 360], "summary": {"covered_lines": 10, "num_statements": 14, "percent_covered": 71.42857142857143, "percent_covered_display": "71", "missing_lines": 4, "excluded_lines": 0, "percent_statements_covered": 71.42857142857143, "percent_statements_covered_display": "71"}, "missing_lines": [346, 347, 366, 367], "excluded_lines": [], "start_line": 305}, "": {"executed_lines": [26, 27, 28, 29, 31, 32, 33, 34, 36, 37, 38, 42, 48, 49, 50, 52, 55, 58, 68, 76, 90, 91, 92, 199, 200, 201, 303, 304, 305], "summary": {"covered_lines": 29, "num_statements": 29, "percent_covered": 100.0, "percent_covered_display": "100", "missing_lines": 0, "excluded_lines": 0, "percent_statements_covered": 100.0, "percent_statements_covered_display": "100"}, "missing_lines": [], "excluded_lines": [], "start_line": 1}}, "classes": {"": {"executed_lines": [26, 27, 28, 29, 31, 32, 33, 34, 36, 37, 38, 42, 48, 49, 50, 52, 55, 58, 68, 76, 86, 87, 90, 91, 92, 121, 129, 131, 132, 133, 138, 140, 143, 144, 146, 147, 148, 149, 155, 158, 167, 168, 171, 176, 177, 183, 184, 185, 186, 187, 188, 193, 194, 196, 199, 200, 201, 234, 235, 237, 243, 244, 245, 246, 248, 249, 250, 256, 261, 262, 267, 268, 269, 270, 276, 277, 281, 282, 283, 288, 295, 296, 297, 303, 304, 305, 335, 336, 342, 343, 345, 353, 354, 358, 359, 360], "summary": {"covered_lines": 96, "num_statements": 104, "percent_covered": 92.3076923076923, "percent_covered_display": "92", "missing_lines": 8, "excluded_lines": 0, "percent_statements_covered": 92.3076923076923, "percent_statements_covered_display": "92"}, "missing_lines": [122, 123, 172, 173, 346, 347, 366, 367], "excluded_lines": [], "start_line": 1}}}, "fastapi_template/api/health.py": {"executed_lines": [3, 4, 5, 7, 8, 9, 11, 12, 14, 15, 16, 19, 20, 32, 33, 35, 36, 40, 42, 50, 53, 54, 61, 65, 67, 68, 72, 76, 78, 79, 83, 87], "summary": {"covered_lines": 32, "num_statements": 32, "percent_covered": 100.0, "percent_covered_display": "100", "missing_lines": 0, "excluded_lines": 0, "percent_statements_covered": 100.0, "percent_statements_covered_display": "100"}, "missing_lines": [], "excluded_lines": [], "functions": {"health": {"executed_lines": [32, 33, 35, 36, 40, 42, 50, 53, 54, 61, 65, 67, 68, 72, 76, 78, 79, 83, 87], "summary": {"covered_lines": 19, "num_statements": 19, "percent_covered": 100.0, "percent_covered_display": "100", "missing_lines": 0, "excluded_lines": 0, "percent_statements_covered": 100.0, "percent_statements_covered_display": "100"}, "missing_lines": [], "excluded_lines": [], "start_line": 20}, "": {"executed_lines": [3, 4, 5, 7, 8, 9, 11, 12, 14, 15, 16, 19, 20], "summary": {"covered_lines": 13, "num_statements": 13, "percent_covered": 100.0, "percent_covered_display": "100", "missing_lines": 0, "excluded_lines": 0, "percent_statements_covered": 100.0, "percent_statements_covered_display": "100"}, "missing_lines": [], "excluded_lines": [], "start_line": 1}}, "classes": {"": {"executed_lines": [3, 4, 5, 7, 8, 9, 11, 12, 14, 15, 16, 19, 20, 32, 33, 35, 36, 40, 42, 50, 53, 54, 61, 65, 67, 68, 72, 76, 78, 79, 83, 87], "summary": {"covered_lines": 32, "num_statements": 32, "percent_covered": 100.0, "percent_covered_display": "100", "missing_lines": 0, "excluded_lines": 0, "percent_statements_covered": 100.0, "percent_statements_covered_display": "100"}, "missing_lines": [], "excluded_lines": [], "start_line": 1}}}, "fastapi_template/api/memberships.py": {"executed_lines": [3, 5, 6, 7, 8, 9, 11, 12, 13, 14, 15, 16, 22, 28, 29, 31, 34, 35, 36, 45, 46, 47, 51, 52, 53, 57, 58, 59, 60, 61, 62, 67, 70, 71, 75, 78, 79, 80, 92, 93, 100, 106, 107, 108, 111, 112, 113, 122, 123, 124, 128, 129, 132, 133], "summary": {"covered_lines": 54, "num_statements": 57, "percent_covered": 94.73684210526316, "percent_covered_display": "95", "missing_lines": 3, "excluded_lines": 0, "percent_statements_covered": 94.73684210526316, "percent_statements_covered_display": "95"}, "missing_lines": [66, 94, 101], "excluded_lines": [], "functions": {"create_membership_endpoint": {"executed_lines": [45, 46, 47, 51, 52, 53, 57, 58, 59, 60, 61, 62, 67], "summary": {"covered_lines": 13, "num_statements": 14, "percent_covered": 92.85714285714286, "percent_covered_display": "93", "missing_lines": 1, "excluded_lines": 0, "percent_statements_covered": 92.85714285714286, "percent_statements_covered_display": "93"}, "missing_lines": [66], "excluded_lines": [], "start_line": 36}, "list_memberships_endpoint": {"executed_lines": [75], "summary": {"covered_lines": 1, "num_statements": 1, "percent_covered": 100.0, "percent_covered_display": "100", "missing_lines": 0, "excluded_lines": 0, "percent_statements_covered": 100.0, "percent_statements_covered_display": "100"}, "missing_lines": [], "excluded_lines": [], "start_line": 71}, "update_membership_endpoint": {"executed_lines": [92, 93, 100, 106, 107, 108], "summary": {"covered_lines": 6, "num_statements": 8, "percent_covered": 75.0, "percent_covered_display": "75", "missing_lines": 2, "excluded_lines": 0, "percent_statements_covered": 75.0, "percent_statements_covered_display": "75"}, "missing_lines": [94, 101], "excluded_lines": [], "start_line": 80}, "delete_membership_endpoint": {"executed_lines": [122, 123, 124, 128, 129, 132, 133], "summary": {"covered_lines": 7, "num_statements": 7, "percent_covered": 100.0, "percent_covered_display": "100", "missing_lines": 0, "excluded_lines": 0, "percent_statements_covered": 100.0, "percent_statements_covered_display": "100"}, "missing_lines": [], "excluded_lines": [], "start_line": 113}, "": {"executed_lines": [3, 5, 6, 7, 8, 9, 11, 12, 13, 14, 15, 16, 22, 28, 29, 31, 34, 35, 36, 70, 71, 78, 79, 80, 111, 112, 113], "summary": {"covered_lines": 27, "num_statements": 27, "percent_covered": 100.0, "percent_covered_display": "100", "missing_lines": 0, "excluded_lines": 0, "percent_statements_covered": 100.0, "percent_statements_covered_display": "100"}, "missing_lines": [], "excluded_lines": [], "start_line": 1}}, "classes": {"": {"executed_lines": [3, 5, 6, 7, 8, 9, 11, 12, 13, 14, 15, 16, 22, 28, 29, 31, 34, 35, 36, 45, 46, 47, 51, 52, 53, 57, 58, 59, 60, 61, 62, 67, 70, 71, 75, 78, 79, 80, 92, 93, 100, 106, 107, 108, 111, 112, 113, 122, 123, 124, 128, 129, 132, 133], "summary": {"covered_lines": 54, "num_statements": 57, "percent_covered": 94.73684210526316, "percent_covered_display": "95", "missing_lines": 3, "excluded_lines": 0, "percent_statements_covered": 94.73684210526316, "percent_statements_covered_display": "95"}, "missing_lines": [66, 94, 101], "excluded_lines": [], "start_line": 1}}}, "fastapi_template/api/organizations.py": {"executed_lines": [3, 5, 6, 7, 8, 10, 11, 12, 13, 14, 15, 16, 22, 23, 32, 35, 36, 37, 42, 45, 50, 52, 55, 56, 57, 58, 61, 62, 66, 67, 68, 69, 70, 71, 72, 73, 74, 75, 78, 79, 80, 85, 86, 87, 91, 92, 93, 94, 97, 98, 99, 110, 111, 112, 116, 117, 118, 119, 120, 121, 124, 125, 126, 139, 140, 141, 145, 146], "summary": {"covered_lines": 68, "num_statements": 68, "percent_covered": 100.0, "percent_covered_display": "100", "missing_lines": 0, "excluded_lines": 0, "percent_statements_covered": 100.0, "percent_statements_covered_display": "100"}, "missing_lines": [], "excluded_lines": [], "functions": {"create_org": {"executed_lines": [42, 45, 50, 52, 55, 56, 57, 58], "summary": {"covered_lines": 8, "num_statements": 8, "percent_covered": 100.0, "percent_covered_display": "100", "missing_lines": 0, "excluded_lines": 0, "percent_statements_covered": 100.0, "percent_statements_covered_display": "100"}, "missing_lines": [], "excluded_lines": [], "start_line": 37}, "list_orgs": {"executed_lines": [66, 67, 68, 69, 70, 71, 72, 73, 74, 75], "summary": {"covered_lines": 10, "num_statements": 10, "percent_covered": 100.0, "percent_covered_display": "100", "missing_lines": 0, "excluded_lines": 0, "percent_statements_covered": 100.0, "percent_statements_covered_display": "100"}, "missing_lines": [], "excluded_lines": [], "start_line": 62}, "get_org": {"executed_lines": [85, 86, 87, 91, 92, 93, 94], "summary": {"covered_lines": 7, "num_statements": 7, "percent_covered": 100.0, "percent_covered_display": "100", "missing_lines": 0, "excluded_lines": 0, "percent_statements_covered": 100.0, "percent_statements_covered_display": "100"}, "missing_lines": [], "excluded_lines": [], "start_line": 80}, "update_org": {"executed_lines": [110, 111, 112, 116, 117, 118, 119, 120, 121], "summary": {"covered_lines": 9, "num_statements": 9, "percent_covered": 100.0, "percent_covered_display": "100", "missing_lines": 0, "excluded_lines": 0, "percent_statements_covered": 100.0, "percent_statements_covered_display": "100"}, "missing_lines": [], "excluded_lines": [], "start_line": 99}, "delete_org": {"executed_lines": [139, 140, 141, 145, 146], "summary": {"covered_lines": 5, "num_statements": 5, "percent_covered": 100.0, "percent_covered_display": "100", "missing_lines": 0, "excluded_lines": 0, "percent_statements_covered": 100.0, "percent_statements_covered_display": "100"}, "missing_lines": [], "excluded_lines": [], "start_line": 126}, "": {"executed_lines": [3, 5, 6, 7, 8, 10, 11, 12, 13, 14, 15, 16, 22, 23, 32, 35, 36, 37, 61, 62, 78, 79, 80, 97, 98, 99, 124, 125, 126], "summary": {"covered_lines": 29, "num_statements": 29, "percent_covered": 100.0, "percent_covered_display": "100", "missing_lines": 0, "excluded_lines": 0, "percent_statements_covered": 100.0, "percent_statements_covered_display": "100"}, "missing_lines": [], "excluded_lines": [], "start_line": 1}}, "classes": {"": {"executed_lines": [3, 5, 6, 7, 8, 10, 11, 12, 13, 14, 15, 16, 22, 23, 32, 35, 36, 37, 42, 45, 50, 52, 55, 56, 57, 58, 61, 62, 66, 67, 68, 69, 70, 71, 72, 73, 74, 75, 78, 79, 80, 85, 86, 87, 91, 92, 93, 94, 97, 98, 99, 110, 111, 112, 116, 117, 118, 119, 120, 121, 124, 125, 126, 139, 140, 141, 145, 146], "summary": {"covered_lines": 68, "num_statements": 68, "percent_covered": 100.0, "percent_covered_display": "100", "missing_lines": 0, "excluded_lines": 0, "percent_statements_covered": 100.0, "percent_statements_covered_display": "100"}, "missing_lines": [], "excluded_lines": [], "start_line": 1}}}, "fastapi_template/api/ping.py": {"executed_lines": [3, 5, 8, 9, 10], "summary": {"covered_lines": 5, "num_statements": 5, "percent_covered": 100.0, "percent_covered_display": "100", "missing_lines": 0, "excluded_lines": 0, "percent_statements_covered": 100.0, "percent_statements_covered_display": "100"}, "missing_lines": [], "excluded_lines": [], "functions": {"ping": {"executed_lines": [10], "summary": {"covered_lines": 1, "num_statements": 1, "percent_covered": 100.0, "percent_covered_display": "100", "missing_lines": 0, "excluded_lines": 0, "percent_statements_covered": 100.0, "percent_statements_covered_display": "100"}, "missing_lines": [], "excluded_lines": [], "start_line": 9}, "": {"executed_lines": [3, 5, 8, 9], "summary": {"covered_lines": 4, "num_statements": 4, "percent_covered": 100.0, "percent_covered_display": "100", "missing_lines": 0, "excluded_lines": 0, "percent_statements_covered": 100.0, "percent_statements_covered_display": "100"}, "missing_lines": [], "excluded_lines": [], "start_line": 1}}, "classes": {"": {"executed_lines": [3, 5, 8, 9, 10], "summary": {"covered_lines": 5, "num_statements": 5, "percent_covered": 100.0, "percent_covered_display": "100", "missing_lines": 0, "excluded_lines": 0, "percent_statements_covered": 100.0, "percent_statements_covered_display": "100"}, "missing_lines": [], "excluded_lines": [], "start_line": 1}}}, "fastapi_template/api/routes.py": {"executed_lines": [3, 5, 14, 15, 16, 17, 18, 19, 20], "summary": {"covered_lines": 9, "num_statements": 9, "percent_covered": 100.0, "percent_covered_display": "100", "missing_lines": 0, "excluded_lines": 0, "percent_statements_covered": 100.0, "percent_statements_covered_display": "100"}, "missing_lines": [], "excluded_lines": [], "functions": {"": {"executed_lines": [3, 5, 14, 15, 16, 17, 18, 19, 20], "summary": {"covered_lines": 9, "num_statements": 9, "percent_covered": 100.0, "percent_covered_display": "100", "missing_lines": 0, "excluded_lines": 0, "percent_statements_covered": 100.0, "percent_statements_covered_display": "100"}, "missing_lines": [], "excluded_lines": [], "start_line": 1}}, "classes": {"": {"executed_lines": [3, 5, 14, 15, 16, 17, 18, 19, 20], "summary": {"covered_lines": 9, "num_statements": 9, "percent_covered": 100.0, "percent_covered_display": "100", "missing_lines": 0, "excluded_lines": 0, "percent_statements_covered": 100.0, "percent_statements_covered_display": "100"}, "missing_lines": [], "excluded_lines": [], "start_line": 1}}}, "fastapi_template/api/users.py": {"executed_lines": [3, 4, 6, 7, 8, 9, 10, 12, 13, 14, 15, 16, 17, 18, 19, 20, 21, 30, 33, 34, 35, 52, 53, 56, 61, 63, 64, 65, 66, 67, 76, 77, 80, 81, 82, 83, 86, 87, 91, 92, 93, 94, 95, 96, 97, 98, 101, 102, 105, 106, 107, 114, 119, 120, 121, 126, 127, 132, 133, 134, 135, 138, 139, 140, 148, 153, 154, 155, 160, 161, 166, 167, 168, 169, 170, 173, 174, 175, 182, 187, 188, 189, 194, 195, 200, 201], "summary": {"covered_lines": 86, "num_statements": 90, "percent_covered": 95.55555555555556, "percent_covered_display": "96", "missing_lines": 4, "excluded_lines": 0, "percent_statements_covered": 95.55555555555556, "percent_statements_covered_display": "96"}, "missing_lines": [71, 128, 162, 196], "excluded_lines": [], "functions": {"create_user_endpoint": {"executed_lines": [52, 53, 56, 61, 63, 64, 65, 66, 67, 76, 77, 80, 81, 82, 83], "summary": {"covered_lines": 15, "num_statements": 16, "percent_covered": 93.75, "percent_covered_display": "94", "missing_lines": 1, "excluded_lines": 0, "percent_statements_covered": 93.75, "percent_statements_covered_display": "94"}, "missing_lines": [71], "excluded_lines": [], "start_line": 35}, "list_users_endpoint": {"executed_lines": [91, 92, 93, 94, 95, 96, 97, 98, 101, 102], "summary": {"covered_lines": 10, "num_statements": 10, "percent_covered": 100.0, "percent_covered_display": "100", "missing_lines": 0, "excluded_lines": 0, "percent_statements_covered": 100.0, "percent_statements_covered_display": "100"}, "missing_lines": [], "excluded_lines": [], "start_line": 87}, "get_user_endpoint": {"executed_lines": [114, 119, 120, 121, 126, 127, 132, 133, 134, 135], "summary": {"covered_lines": 10, "num_statements": 11, "percent_covered": 90.9090909090909, "percent_covered_display": "91", "missing_lines": 1, "excluded_lines": 0, "percent_statements_covered": 90.9090909090909, "percent_statements_covered_display": "91"}, "missing_lines": [128], "excluded_lines": [], "start_line": 107}, "update_user_endpoint": {"executed_lines": [148, 153, 154, 155, 160, 161, 166, 167, 168, 169, 170], "summary": {"covered_lines": 11, "num_statements": 12, "percent_covered": 91.66666666666667, "percent_covered_display": "92", "missing_lines": 1, "excluded_lines": 0, "percent_statements_covered": 91.66666666666667, "percent_statements_covered_display": "92"}, "missing_lines": [162], "excluded_lines": [], "start_line": 140}, "delete_user_endpoint": {"executed_lines": [182, 187, 188, 189, 194, 195, 200, 201], "summary": {"covered_lines": 8, "num_statements": 9, "percent_covered": 88.88888888888889, "percent_covered_display": "89", "missing_lines": 1, "excluded_lines": 0, "percent_statements_covered": 88.88888888888889, "percent_statements_covered_display": "89"}, "missing_lines": [196], "excluded_lines": [], "start_line": 175}, "": {"executed_lines": [3, 4, 6, 7, 8, 9, 10, 12, 13, 14, 15, 16, 17, 18, 19, 20, 21, 30, 33, 34, 35, 86, 87, 105, 106, 107, 138, 139, 140, 173, 174, 175], "summary": {"covered_lines": 32, "num_statements": 32, "percent_covered": 100.0, "percent_covered_display": "100", "missing_lines": 0, "excluded_lines": 0, "percent_statements_covered": 100.0, "percent_statements_covered_display": "100"}, "missing_lines": [], "excluded_lines": [], "start_line": 1}}, "classes": {"": {"executed_lines": [3, 4, 6, 7, 8, 9, 10, 12, 13, 14, 15, 16, 17, 18, 19, 20, 21, 30, 33, 34, 35, 52, 53, 56, 61, 63, 64, 65, 66, 67, 76, 77, 80, 81, 82, 83, 86, 87, 91, 92, 93, 94, 95, 96, 97, 98, 101, 102, 105, 106, 107, 114, 119, 120, 121, 126, 127, 132, 133, 134, 135, 138, 139, 140, 148, 153, 154, 155, 160, 161, 166, 167, 168, 169, 170, 173, 174, 175, 182, 187, 188, 189, 194, 195, 200, 201], "summary": {"covered_lines": 86, "num_statements": 90, "percent_covered": 95.55555555555556, "percent_covered_display": "96", "missing_lines": 4, "excluded_lines": 0, "percent_statements_covered": 95.55555555555556, "percent_statements_covered_display": "96"}, "missing_lines": [71, 128, 162, 196], "excluded_lines": [], "start_line": 1}}}, "fastapi_template/core/__init__.py": {"executed_lines": [], "summary": {"covered_lines": 0, "num_statements": 0, "percent_covered": 100.0, "percent_covered_display": "100", "missing_lines": 0, "excluded_lines": 0, "percent_statements_covered": 100.0, "percent_statements_covered_display": "100"}, "missing_lines": [], "excluded_lines": [], "functions": {"": {"executed_lines": [], "summary": {"covered_lines": 0, "num_statements": 0, "percent_covered": 100.0, "percent_covered_display": "100", "missing_lines": 0, "excluded_lines": 0, "percent_statements_covered": 100.0, "percent_statements_covered_display": "100"}, "missing_lines": [], "excluded_lines": [], "start_line": 1}}, "classes": {"": {"executed_lines": [], "summary": {"covered_lines": 0, "num_statements": 0, "percent_covered": 100.0, "percent_covered_display": "100", "missing_lines": 0, "excluded_lines": 0, "percent_statements_covered": 100.0, "percent_statements_covered_display": "100"}, "missing_lines": [], "excluded_lines": [], "start_line": 1}}}, "fastapi_template/core/activity_logging.py": {"executed_lines": [22, 23, 24, 25, 26, 28, 30, 31, 32, 33, 35, 38, 110, 111, 113, 114, 121, 123, 124, 125, 137, 138, 139, 140, 141, 151, 152, 180, 181, 192, 284, 294, 295, 306, 309, 312, 315, 316, 317, 318, 319, 323, 324, 327, 328, 335, 337, 339], "summary": {"covered_lines": 48, "num_statements": 48, "percent_covered": 100.0, "percent_covered_display": "100", "missing_lines": 0, "excluded_lines": 0, "percent_statements_covered": 100.0, "percent_statements_covered_display": "100"}, "missing_lines": [], "excluded_lines": [], "functions": {"log_activity": {"executed_lines": [110, 111, 113, 114, 121, 123, 124, 125, 137, 138, 139, 140, 141, 151, 152, 180, 181], "summary": {"covered_lines": 17, "num_statements": 17, "percent_covered": 100.0, "percent_covered_display": "100", "missing_lines": 0, "excluded_lines": 0, "percent_statements_covered": 100.0, "percent_statements_covered_display": "100"}, "missing_lines": [], "excluded_lines": [], "start_line": 38}, "log_activity_decorator": {"executed_lines": [284, 339], "summary": {"covered_lines": 2, "num_statements": 2, "percent_covered": 100.0, "percent_covered_display": "100", "missing_lines": 0, "excluded_lines": 0, "percent_statements_covered": 100.0, "percent_statements_covered_display": "100"}, "missing_lines": [], "excluded_lines": [], "start_line": 192}, "log_activity_decorator.decorator": {"executed_lines": [294, 295, 337], "summary": {"covered_lines": 3, "num_statements": 3, "percent_covered": 100.0, "percent_covered_display": "100", "missing_lines": 0, "excluded_lines": 0, "percent_statements_covered": 100.0, "percent_statements_covered_display": "100"}, "missing_lines": [], "excluded_lines": [], "start_line": 284}, "log_activity_decorator.decorator.wrapper": {"executed_lines": [306, 309, 312, 315, 316, 317, 318, 319, 323, 324, 327, 328, 335], "summary": {"covered_lines": 13, "num_statements": 13, "percent_covered": 100.0, "percent_covered_display": "100", "missing_lines": 0, "excluded_lines": 0, "percent_statements_covered": 100.0, "percent_statements_covered_display": "100"}, "missing_lines": [], "excluded_lines": [], "start_line": 295}, "": {"executed_lines": [22, 23, 24, 25, 26, 28, 30, 31, 32, 33, 35, 38, 192], "summary": {"covered_lines": 13, "num_statements": 13, "percent_covered": 100.0, "percent_covered_display": "100", "missing_lines": 0, "excluded_lines": 0, "percent_statements_covered": 100.0, "percent_statements_covered_display": "100"}, "missing_lines": [], "excluded_lines": [], "start_line": 1}}, "classes": {"": {"executed_lines": [22, 23, 24, 25, 26, 28, 30, 31, 32, 33, 35, 38, 110, 111, 113, 114, 121, 123, 124, 125, 137, 138, 139, 140, 141, 151, 152, 180, 181, 192, 284, 294, 295, 306, 309, 312, 315, 316, 317, 318, 319, 323, 324, 327, 328, 335, 337, 339], "summary": {"covered_lines": 48, "num_statements": 48, "percent_covered": 100.0, "percent_covered_display": "100", "missing_lines": 0, "excluded_lines": 0, "percent_statements_covered": 100.0, "percent_statements_covered_display": "100"}, "missing_lines": [], "excluded_lines": [], "start_line": 1}}}, "fastapi_template/core/auth.py": {"executed_lines": [32, 34, 35, 36, 37, 38, 39, 41, 42, 46, 47, 48, 49, 51, 52, 53, 55, 58, 59, 60, 61, 62, 66, 67, 68, 71, 74, 75, 76, 77, 78, 81, 93, 94, 95, 98, 102, 105, 106, 107, 110, 113, 114, 115, 118, 127, 128, 130, 131, 133, 136, 154, 155, 157, 158, 159, 166, 168, 170, 177, 178, 179, 180, 181, 182, 183, 184, 185, 186, 187, 188, 189, 190, 193, 194, 195, 196, 199, 226, 229, 235, 236, 237, 240, 241, 243, 244, 245, 246, 249, 250, 251, 253, 254, 264, 267, 273, 274, 275, 278, 294, 295, 296, 300, 302, 304, 305, 306, 312, 313, 314, 315, 319, 321, 322, 323, 324, 325, 326, 328, 329, 330, 331, 332, 333, 334, 335, 340, 343, 360, 361, 362, 366, 368, 370, 371, 372, 377, 378, 379, 380, 384, 386, 387, 388, 389, 390, 391, 392, 393, 398, 401, 418, 419, 420, 424, 426, 428, 429, 430, 436, 437, 438, 439, 443, 445, 446, 447, 448, 449, 450, 452, 453, 454, 455, 456, 457, 458, 463, 466, 475, 476, 477, 478, 479, 480, 484, 485, 486, 487, 491, 494, 503, 504, 505, 506, 507, 508, 509, 510, 511, 512, 513, 514, 517, 527, 528, 529, 531, 532, 533, 534, 539, 541, 542, 543, 547, 550, 560, 561, 568, 572, 573, 574, 575, 583, 604, 605, 606, 610, 613, 614, 617, 618, 619, 620, 623, 624, 625, 636, 662, 663, 664, 665, 668, 669, 670, 671, 674, 680, 681, 682, 692, 708, 709, 710, 711, 713, 714, 715, 716, 717, 720, 721, 722, 723, 726, 727, 728, 729, 730, 731, 732, 733, 738, 741, 758, 769, 770, 773, 774, 775, 779, 780, 781, 782, 785, 786, 787, 792, 793, 794, 795, 801, 802, 803, 806, 807, 816, 817, 818, 819, 820, 825, 828, 850, 851, 852, 853, 854, 857, 884, 888], "summary": {"covered_lines": 313, "num_statements": 327, "percent_covered": 95.71865443425077, "percent_covered_display": "96", "missing_lines": 14, "excluded_lines": 2, "percent_statements_covered": 95.71865443425077, "percent_statements_covered_display": "96"}, "missing_lines": [569, 570, 571, 577, 578, 579, 580, 628, 629, 630, 633, 684, 685, 689], "excluded_lines": [44, 45], "functions": {"_extract_bearer_token": {"executed_lines": [127, 128, 130, 131, 133], "summary": {"covered_lines": 5, "num_statements": 5, "percent_covered": 100.0, "percent_covered_display": "100", "missing_lines": 0, "excluded_lines": 0, "percent_statements_covered": 100.0, "percent_statements_covered_display": "100"}, "missing_lines": [], "excluded_lines": [], "start_line": 118}, "_verify_token_local": {"executed_lines": [154, 155, 157, 158, 159, 166, 168, 170, 177, 178, 179, 180, 181, 182, 183, 184, 185, 186, 187, 188, 189, 190, 193, 194, 195, 196], "summary": {"covered_lines": 26, "num_statements": 26, "percent_covered": 100.0, "percent_covered_display": "100", "missing_lines": 0, "excluded_lines": 0, "percent_statements_covered": 100.0, "percent_statements_covered_display": "100"}, "missing_lines": [], "excluded_lines": [], "start_line": 136}, "get_jwks_cached": {"executed_lines": [226, 229, 235, 236, 237, 240, 241, 243, 244, 245, 246, 249, 250, 251, 253, 254, 264], "summary": {"covered_lines": 17, "num_statements": 17, "percent_covered": 100.0, "percent_covered_display": "100", "missing_lines": 0, "excluded_lines": 0, "percent_statements_covered": 100.0, "percent_statements_covered_display": "100"}, "missing_lines": [], "excluded_lines": [], "start_line": 199}, "clear_jwks_cache": {"executed_lines": [273, 274, 275], "summary": {"covered_lines": 3, "num_statements": 3, "percent_covered": 100.0, "percent_covered_display": "100", "missing_lines": 0, "excluded_lines": 0, "percent_statements_covered": 100.0, "percent_statements_covered_display": "100"}, "missing_lines": [], "excluded_lines": [], "start_line": 267}, "_verify_token_remote_ory": {"executed_lines": [294, 295, 296, 300, 302, 304, 305, 306, 312, 313, 314, 315, 319, 321, 322, 323, 324, 325, 326, 328, 329, 330, 331, 332, 333, 334, 335, 340], "summary": {"covered_lines": 28, "num_statements": 28, "percent_covered": 100.0, "percent_covered_display": "100", "missing_lines": 0, "excluded_lines": 0, "percent_statements_covered": 100.0, "percent_statements_covered_display": "100"}, "missing_lines": [], "excluded_lines": [], "start_line": 278}, "_verify_token_remote_auth0": {"executed_lines": [360, 361, 362, 366, 368, 370, 371, 372, 377, 378, 379, 380, 384, 386, 387, 388, 389, 390, 391, 392, 393, 398], "summary": {"covered_lines": 22, "num_statements": 22, "percent_covered": 100.0, "percent_covered_display": "100", "missing_lines": 0, "excluded_lines": 0, "percent_statements_covered": 100.0, "percent_statements_covered_display": "100"}, "missing_lines": [], "excluded_lines": [], "start_line": 343}, "_verify_token_remote_keycloak": {"executed_lines": [418, 419, 420, 424, 426, 428, 429, 430, 436, 437, 438, 439, 443, 445, 446, 447, 448, 449, 450, 452, 453, 454, 455, 456, 457, 458, 463], "summary": {"covered_lines": 27, "num_statements": 27, "percent_covered": 100.0, "percent_covered_display": "100", "missing_lines": 0, "excluded_lines": 0, "percent_statements_covered": 100.0, "percent_statements_covered_display": "100"}, "missing_lines": [], "excluded_lines": [], "start_line": 401}, "_fetch_jwks_for_cognito": {"executed_lines": [475, 476, 477, 478, 479, 480, 484, 485, 486, 487, 491], "summary": {"covered_lines": 11, "num_statements": 11, "percent_covered": 100.0, "percent_covered_display": "100", "missing_lines": 0, "excluded_lines": 0, "percent_statements_covered": 100.0, "percent_statements_covered_display": "100"}, "missing_lines": [], "excluded_lines": [], "start_line": 466}, "_extract_token_kid": {"executed_lines": [503, 504, 505, 506, 507, 508, 509, 510, 511, 512, 513, 514], "summary": {"covered_lines": 12, "num_statements": 12, "percent_covered": 100.0, "percent_covered_display": "100", "missing_lines": 0, "excluded_lines": 0, "percent_statements_covered": 100.0, "percent_statements_covered_display": "100"}, "missing_lines": [], "excluded_lines": [], "start_line": 494}, "_find_public_key_in_jwks": {"executed_lines": [527, 528, 529, 531, 532, 533, 534, 539, 541, 542, 543, 547], "summary": {"covered_lines": 12, "num_statements": 12, "percent_covered": 100.0, "percent_covered_display": "100", "missing_lines": 0, "excluded_lines": 0, "percent_statements_covered": 100.0, "percent_statements_covered_display": "100"}, "missing_lines": [], "excluded_lines": [], "start_line": 517}, "_decode_jwt_with_key": {"executed_lines": [560, 561, 568, 572, 573, 574, 575], "summary": {"covered_lines": 7, "num_statements": 14, "percent_covered": 50.0, "percent_covered_display": "50", "missing_lines": 7, "excluded_lines": 0, "percent_statements_covered": 50.0, "percent_statements_covered_display": "50"}, "missing_lines": [569, 570, 571, 577, 578, 579, 580], "excluded_lines": [], "start_line": 550}, "_verify_token_remote_cognito": {"executed_lines": [604, 605, 606, 610, 613, 614, 617, 618, 619, 620, 623, 624, 625], "summary": {"covered_lines": 13, "num_statements": 17, "percent_covered": 76.47058823529412, "percent_covered_display": "76", "missing_lines": 4, "excluded_lines": 0, "percent_statements_covered": 76.47058823529412, "percent_statements_covered_display": "76"}, "missing_lines": [628, 629, 630, 633], "excluded_lines": [], "start_line": 583}, "verify_token": {"executed_lines": [662, 663, 664, 665, 668, 669, 670, 671, 674, 680, 681, 682], "summary": {"covered_lines": 12, "num_statements": 15, "percent_covered": 80.0, "percent_covered_display": "80", "missing_lines": 3, "excluded_lines": 0, "percent_statements_covered": 80.0, "percent_statements_covered_display": "80"}, "missing_lines": [684, 685, 689], "excluded_lines": [], "start_line": 636}, "_extract_user_from_claims": {"executed_lines": [708, 709, 710, 711, 713, 714, 715, 716, 717, 720, 721, 722, 723, 726, 727, 728, 729, 730, 731, 732, 733, 738], "summary": {"covered_lines": 22, "num_statements": 22, "percent_covered": 100.0, "percent_covered_display": "100", "missing_lines": 0, "excluded_lines": 0, "percent_statements_covered": 100.0, "percent_statements_covered_display": "100"}, "missing_lines": [], "excluded_lines": [], "start_line": 692}, "AuthMiddleware.dispatch": {"executed_lines": [769, 770, 773, 774, 775, 779, 780, 781, 782, 785, 786, 787, 792, 793, 794, 795, 801, 802, 803, 806, 807, 816, 817, 818, 819, 820, 825], "summary": {"covered_lines": 27, "num_statements": 27, "percent_covered": 100.0, "percent_covered_display": "100", "missing_lines": 0, "excluded_lines": 0, "percent_statements_covered": 100.0, "percent_statements_covered_display": "100"}, "missing_lines": [], "excluded_lines": [], "start_line": 758}, "get_current_user": {"executed_lines": [850, 851, 852, 853, 854], "summary": {"covered_lines": 5, "num_statements": 5, "percent_covered": 100.0, "percent_covered_display": "100", "missing_lines": 0, "excluded_lines": 0, "percent_statements_covered": 100.0, "percent_statements_covered_display": "100"}, "missing_lines": [], "excluded_lines": [], "start_line": 828}, "get_current_user_optional": {"executed_lines": [884], "summary": {"covered_lines": 1, "num_statements": 1, "percent_covered": 100.0, "percent_covered_display": "100", "missing_lines": 0, "excluded_lines": 0, "percent_statements_covered": 100.0, "percent_statements_covered_display": "100"}, "missing_lines": [], "excluded_lines": [], "start_line": 857}, "": {"executed_lines": [32, 34, 35, 36, 37, 38, 39, 41, 42, 46, 47, 48, 49, 51, 52, 53, 55, 58, 59, 60, 61, 62, 66, 67, 68, 71, 74, 75, 76, 77, 78, 81, 93, 94, 95, 98, 102, 105, 106, 107, 110, 113, 114, 115, 118, 136, 199, 267, 278, 343, 401, 466, 494, 517, 550, 583, 636, 692, 741, 758, 828, 857, 888], "summary": {"covered_lines": 63, "num_statements": 63, "percent_covered": 100.0, "percent_covered_display": "100", "missing_lines": 0, "excluded_lines": 2, "percent_statements_covered": 100.0, "percent_statements_covered_display": "100"}, "missing_lines": [], "excluded_lines": [44, 45], "start_line": 1}}, "classes": {"AuthProviderType": {"executed_lines": [], "summary": {"covered_lines": 0, "num_statements": 0, "percent_covered": 100.0, "percent_covered_display": "100", "missing_lines": 0, "excluded_lines": 0, "percent_statements_covered": 100.0, "percent_statements_covered_display": "100"}, "missing_lines": [], "excluded_lines": [], "start_line": 71}, "CurrentUser": {"executed_lines": [], "summary": {"covered_lines": 0, "num_statements": 0, "percent_covered": 100.0, "percent_covered_display": "100", "missing_lines": 0, "excluded_lines": 0, "percent_statements_covered": 100.0, "percent_statements_covered_display": "100"}, "missing_lines": [], "excluded_lines": [], "start_line": 81}, "TokenValidationError": {"executed_lines": [], "summary": {"covered_lines": 0, "num_statements": 0, "percent_covered": 100.0, "percent_covered_display": "100", "missing_lines": 0, "excluded_lines": 0, "percent_statements_covered": 100.0, "percent_statements_covered_display": "100"}, "missing_lines": [], "excluded_lines": [], "start_line": 98}, "JWKSFetchResult": {"executed_lines": [], "summary": {"covered_lines": 0, "num_statements": 0, "percent_covered": 100.0, "percent_covered_display": "100", "missing_lines": 0, "excluded_lines": 0, "percent_statements_covered": 100.0, "percent_statements_covered_display": "100"}, "missing_lines": [], "excluded_lines": [], "start_line": 102}, "TokenHeaderResult": {"executed_lines": [], "summary": {"covered_lines": 0, "num_statements": 0, "percent_covered": 100.0, "percent_covered_display": "100", "missing_lines": 0, "excluded_lines": 0, "percent_statements_covered": 100.0, "percent_statements_covered_display": "100"}, "missing_lines": [], "excluded_lines": [], "start_line": 110}, "AuthMiddleware": {"executed_lines": [769, 770, 773, 774, 775, 779, 780, 781, 782, 785, 786, 787, 792, 793, 794, 795, 801, 802, 803, 806, 807, 816, 817, 818, 819, 820, 825], "summary": {"covered_lines": 27, "num_statements": 27, "percent_covered": 100.0, "percent_covered_display": "100", "missing_lines": 0, "excluded_lines": 0, "percent_statements_covered": 100.0, "percent_statements_covered_display": "100"}, "missing_lines": [], "excluded_lines": [], "start_line": 741}, "": {"executed_lines": [32, 34, 35, 36, 37, 38, 39, 41, 42, 46, 47, 48, 49, 51, 52, 53, 55, 58, 59, 60, 61, 62, 66, 67, 68, 71, 74, 75, 76, 77, 78, 81, 93, 94, 95, 98, 102, 105, 106, 107, 110, 113, 114, 115, 118, 127, 128, 130, 131, 133, 136, 154, 155, 157, 158, 159, 166, 168, 170, 177, 178, 179, 180, 181, 182, 183, 184, 185, 186, 187, 188, 189, 190, 193, 194, 195, 196, 199, 226, 229, 235, 236, 237, 240, 241, 243, 244, 245, 246, 249, 250, 251, 253, 254, 264, 267, 273, 274, 275, 278, 294, 295, 296, 300, 302, 304, 305, 306, 312, 313, 314, 315, 319, 321, 322, 323, 324, 325, 326, 328, 329, 330, 331, 332, 333, 334, 335, 340, 343, 360, 361, 362, 366, 368, 370, 371, 372, 377, 378, 379, 380, 384, 386, 387, 388, 389, 390, 391, 392, 393, 398, 401, 418, 419, 420, 424, 426, 428, 429, 430, 436, 437, 438, 439, 443, 445, 446, 447, 448, 449, 450, 452, 453, 454, 455, 456, 457, 458, 463, 466, 475, 476, 477, 478, 479, 480, 484, 485, 486, 487, 491, 494, 503, 504, 505, 506, 507, 508, 509, 510, 511, 512, 513, 514, 517, 527, 528, 529, 531, 532, 533, 534, 539, 541, 542, 543, 547, 550, 560, 561, 568, 572, 573, 574, 575, 583, 604, 605, 606, 610, 613, 614, 617, 618, 619, 620, 623, 624, 625, 636, 662, 663, 664, 665, 668, 669, 670, 671, 674, 680, 681, 682, 692, 708, 709, 710, 711, 713, 714, 715, 716, 717, 720, 721, 722, 723, 726, 727, 728, 729, 730, 731, 732, 733, 738, 741, 758, 828, 850, 851, 852, 853, 854, 857, 884, 888], "summary": {"covered_lines": 286, "num_statements": 300, "percent_covered": 95.33333333333333, "percent_covered_display": "95", "missing_lines": 14, "excluded_lines": 2, "percent_statements_covered": 95.33333333333333, "percent_statements_covered_display": "95"}, "missing_lines": [569, 570, 571, 577, 578, 579, 580, 628, 629, 630, 633, 684, 685, 689], "excluded_lines": [44, 45], "start_line": 1}}}, "fastapi_template/core/background_tasks.py": {"executed_lines": [14, 16, 17, 18, 20, 23, 24, 25, 28, 44, 45, 60, 62, 66, 74, 127], "summary": {"covered_lines": 16, "num_statements": 32, "percent_covered": 50.0, "percent_covered_display": "50", "missing_lines": 16, "excluded_lines": 0, "percent_statements_covered": 50.0, "percent_statements_covered_display": "50"}, "missing_lines": [67, 68, 90, 91, 107, 109, 116, 117, 118, 143, 144, 157, 159, 163, 164, 165], "excluded_lines": [], "functions": {"send_welcome_email_task": {"executed_lines": [44, 45, 60, 62, 66], "summary": {"covered_lines": 5, "num_statements": 7, "percent_covered": 71.42857142857143, "percent_covered_display": "71", "missing_lines": 2, "excluded_lines": 0, "percent_statements_covered": 71.42857142857143, "percent_statements_covered_display": "71"}, "missing_lines": [67, 68], "excluded_lines": [], "start_line": 28}, "archive_old_activity_logs_task": {"executed_lines": [], "summary": {"covered_lines": 0, "num_statements": 7, "percent_covered": 0.0, "percent_covered_display": "0", "missing_lines": 7, "excluded_lines": 0, "percent_statements_covered": 0.0, "percent_statements_covered_display": "0"}, "missing_lines": [90, 91, 107, 109, 116, 117, 118], "excluded_lines": [], "start_line": 74}, "generate_activity_report_task": {"executed_lines": [], "summary": {"covered_lines": 0, "num_statements": 7, "percent_covered": 0.0, "percent_covered_display": "0", "missing_lines": 7, "excluded_lines": 0, "percent_statements_covered": 0.0, "percent_statements_covered_display": "0"}, "missing_lines": [143, 144, 157, 159, 163, 164, 165], "excluded_lines": [], "start_line": 127}, "": {"executed_lines": [14, 16, 17, 18, 20, 23, 24, 25, 28, 74, 127], "summary": {"covered_lines": 11, "num_statements": 11, "percent_covered": 100.0, "percent_covered_display": "100", "missing_lines": 0, "excluded_lines": 0, "percent_statements_covered": 100.0, "percent_statements_covered_display": "100"}, "missing_lines": [], "excluded_lines": [], "start_line": 1}}, "classes": {"": {"executed_lines": [14, 16, 17, 18, 20, 23, 24, 25, 28, 44, 45, 60, 62, 66, 74, 127], "summary": {"covered_lines": 16, "num_statements": 32, "percent_covered": 50.0, "percent_covered_display": "50", "missing_lines": 16, "excluded_lines": 0, "percent_statements_covered": 50.0, "percent_statements_covered_display": "50"}, "missing_lines": [67, 68, 90, 91, 107, 109, 116, 117, 118, 143, 144, 157, 159, 163, 164, 165], "excluded_lines": [], "start_line": 1}}}, "fastapi_template/core/config.py": {"executed_lines": [3, 5, 6, 8, 11, 30, 31, 33, 34, 35, 36, 40, 41, 44, 51, 58, 64, 70, 75, 76, 77, 78, 83, 88, 93, 98, 103, 108, 113, 118, 123, 124, 137, 142, 149, 154, 161, 166, 173, 178, 185, 190, 196, 197, 198, 214, 225, 226, 227, 228, 230, 231, 252, 253, 256, 257, 259, 262, 263, 265, 267, 268, 270, 271, 272, 273, 275, 276, 278, 280, 281, 282, 283, 284, 285, 286, 287, 288, 289, 290, 291, 292, 293, 294, 296, 298, 299, 301, 302, 303, 304, 305, 307, 329, 330, 333, 334, 336, 337, 338, 340, 341, 342, 343, 345, 348], "summary": {"covered_lines": 106, "num_statements": 106, "percent_covered": 100.0, "percent_covered_display": "100", "missing_lines": 0, "excluded_lines": 0, "percent_statements_covered": 100.0, "percent_statements_covered_display": "100"}, "missing_lines": [], "excluded_lines": [], "functions": {"Settings.validate_jwt_algorithm": {"executed_lines": [214, 225, 226, 227, 228], "summary": {"covered_lines": 5, "num_statements": 5, "percent_covered": 100.0, "percent_covered_display": "100", "missing_lines": 0, "excluded_lines": 0, "percent_statements_covered": 100.0, "percent_statements_covered_display": "100"}, "missing_lines": [], "excluded_lines": [], "start_line": 198}, "Settings.cors_allowed_origins": {"executed_lines": [252, 253, 256, 257, 259, 262, 263], "summary": {"covered_lines": 7, "num_statements": 7, "percent_covered": 100.0, "percent_covered_display": "100", "missing_lines": 0, "excluded_lines": 0, "percent_statements_covered": 100.0, "percent_statements_covered_display": "100"}, "missing_lines": [], "excluded_lines": [], "start_line": 231}, "Settings._validate_auth_config": {"executed_lines": [267, 268, 270, 271, 272, 273, 275, 276], "summary": {"covered_lines": 8, "num_statements": 8, "percent_covered": 100.0, "percent_covered_display": "100", "missing_lines": 0, "excluded_lines": 0, "percent_statements_covered": 100.0, "percent_statements_covered_display": "100"}, "missing_lines": [], "excluded_lines": [], "start_line": 265}, "Settings._validate_storage_config": {"executed_lines": [280, 281, 282, 283, 284, 285, 286, 287, 288, 289, 290, 291, 292, 293, 294], "summary": {"covered_lines": 15, "num_statements": 15, "percent_covered": 100.0, "percent_covered_display": "100", "missing_lines": 0, "excluded_lines": 0, "percent_statements_covered": 100.0, "percent_statements_covered_display": "100"}, "missing_lines": [], "excluded_lines": [], "start_line": 278}, "Settings._validate_production_config": {"executed_lines": [298, 299, 301, 302, 303, 304, 305], "summary": {"covered_lines": 7, "num_statements": 7, "percent_covered": 100.0, "percent_covered_display": "100", "missing_lines": 0, "excluded_lines": 0, "percent_statements_covered": 100.0, "percent_statements_covered_display": "100"}, "missing_lines": [], "excluded_lines": [], "start_line": 296}, "Settings.validate_config": {"executed_lines": [329, 330, 333, 334, 336, 337, 338, 340, 341, 342, 343, 345], "summary": {"covered_lines": 12, "num_statements": 12, "percent_covered": 100.0, "percent_covered_display": "100", "missing_lines": 0, "excluded_lines": 0, "percent_statements_covered": 100.0, "percent_statements_covered_display": "100"}, "missing_lines": [], "excluded_lines": [], "start_line": 307}, "": {"executed_lines": [3, 5, 6, 8, 11, 30, 31, 33, 34, 35, 36, 40, 41, 44, 51, 58, 64, 70, 75, 76, 77, 78, 83, 88, 93, 98, 103, 108, 113, 118, 123, 124, 137, 142, 149, 154, 161, 166, 173, 178, 185, 190, 196, 197, 198, 230, 231, 265, 278, 296, 307, 348], "summary": {"covered_lines": 52, "num_statements": 52, "percent_covered": 100.0, "percent_covered_display": "100", "missing_lines": 0, "excluded_lines": 0, "percent_statements_covered": 100.0, "percent_statements_covered_display": "100"}, "missing_lines": [], "excluded_lines": [], "start_line": 1}}, "classes": {"ConfigurationError": {"executed_lines": [], "summary": {"covered_lines": 0, "num_statements": 0, "percent_covered": 100.0, "percent_covered_display": "100", "missing_lines": 0, "excluded_lines": 0, "percent_statements_covered": 100.0, "percent_statements_covered_display": "100"}, "missing_lines": [], "excluded_lines": [], "start_line": 11}, "Settings": {"executed_lines": [214, 225, 226, 227, 228, 252, 253, 256, 257, 259, 262, 263, 267, 268, 270, 271, 272, 273, 275, 276, 280, 281, 282, 283, 284, 285, 286, 287, 288, 289, 290, 291, 292, 293, 294, 298, 299, 301, 302, 303, 304, 305, 329, 330, 333, 334, 336, 337, 338, 340, 341, 342, 343, 345], "summary": {"covered_lines": 54, "num_statements": 54, "percent_covered": 100.0, "percent_covered_display": "100", "missing_lines": 0, "excluded_lines": 0, "percent_statements_covered": 100.0, "percent_statements_covered_display": "100"}, "missing_lines": [], "excluded_lines": [], "start_line": 30}, "": {"executed_lines": [3, 5, 6, 8, 11, 30, 31, 33, 34, 35, 36, 40, 41, 44, 51, 58, 64, 70, 75, 76, 77, 78, 83, 88, 93, 98, 103, 108, 113, 118, 123, 124, 137, 142, 149, 154, 161, 166, 173, 178, 185, 190, 196, 197, 198, 230, 231, 265, 278, 296, 307, 348], "summary": {"covered_lines": 52, "num_statements": 52, "percent_covered": 100.0, "percent_covered_display": "100", "missing_lines": 0, "excluded_lines": 0, "percent_statements_covered": 100.0, "percent_statements_covered_display": "100"}, "missing_lines": [], "excluded_lines": [], "start_line": 1}}}, "fastapi_template/core/http_client.py": {"executed_lines": [19, 20, 22, 24, 27, 28, 31, 32, 60, 64, 71, 201, 230], "summary": {"covered_lines": 13, "num_statements": 13, "percent_covered": 100.0, "percent_covered_display": "100", "missing_lines": 0, "excluded_lines": 0, "percent_statements_covered": 100.0, "percent_statements_covered_display": "100"}, "missing_lines": [], "excluded_lines": [], "functions": {"http_client": {"executed_lines": [60, 64], "summary": {"covered_lines": 2, "num_statements": 2, "percent_covered": 100.0, "percent_covered_display": "100", "missing_lines": 0, "excluded_lines": 0, "percent_statements_covered": 100.0, "percent_statements_covered_display": "100"}, "missing_lines": [], "excluded_lines": [], "start_line": 32}, "": {"executed_lines": [19, 20, 22, 24, 27, 28, 31, 32, 71, 201, 230], "summary": {"covered_lines": 11, "num_statements": 11, "percent_covered": 100.0, "percent_covered_display": "100", "missing_lines": 0, "excluded_lines": 0, "percent_statements_covered": 100.0, "percent_statements_covered_display": "100"}, "missing_lines": [], "excluded_lines": [], "start_line": 1}}, "classes": {"": {"executed_lines": [19, 20, 22, 24, 27, 28, 31, 32, 60, 64, 71, 201, 230], "summary": {"covered_lines": 13, "num_statements": 13, "percent_covered": 100.0, "percent_covered_display": "100", "missing_lines": 0, "excluded_lines": 0, "percent_statements_covered": 100.0, "percent_statements_covered_display": "100"}, "missing_lines": [], "excluded_lines": [], "start_line": 1}}}, "fastapi_template/core/logging.py": {"executed_lines": [34, 36, 37, 38, 39, 40, 42, 43, 44, 46, 48, 51, 56, 57, 58, 61, 67, 70, 76, 79, 86, 87, 88, 91, 97, 100, 106, 109, 119, 126, 150, 151, 152, 153, 156, 174, 185, 186, 189, 190, 201, 204, 205, 206, 207, 208, 211, 222, 224, 235, 237, 240, 256], "summary": {"covered_lines": 53, "num_statements": 53, "percent_covered": 100.0, "percent_covered_display": "100", "missing_lines": 0, "excluded_lines": 0, "percent_statements_covered": 100.0, "percent_statements_covered_display": "100"}, "missing_lines": [], "excluded_lines": [], "functions": {"set_request_id": {"executed_lines": [67], "summary": {"covered_lines": 1, "num_statements": 1, "percent_covered": 100.0, "percent_covered_display": "100", "missing_lines": 0, "excluded_lines": 0, "percent_statements_covered": 100.0, "percent_statements_covered_display": "100"}, "missing_lines": [], "excluded_lines": [], "start_line": 61}, "get_request_id": {"executed_lines": [76], "summary": {"covered_lines": 1, "num_statements": 1, "percent_covered": 100.0, "percent_covered_display": "100", "missing_lines": 0, "excluded_lines": 0, "percent_statements_covered": 100.0, "percent_statements_covered_display": "100"}, "missing_lines": [], "excluded_lines": [], "start_line": 70}, "set_user_context": {"executed_lines": [86, 87, 88], "summary": {"covered_lines": 3, "num_statements": 3, "percent_covered": 100.0, "percent_covered_display": "100", "missing_lines": 0, "excluded_lines": 0, "percent_statements_covered": 100.0, "percent_statements_covered_display": "100"}, "missing_lines": [], "excluded_lines": [], "start_line": 79}, "get_user_id": {"executed_lines": [97], "summary": {"covered_lines": 1, "num_statements": 1, "percent_covered": 100.0, "percent_covered_display": "100", "missing_lines": 0, "excluded_lines": 0, "percent_statements_covered": 100.0, "percent_statements_covered_display": "100"}, "missing_lines": [], "excluded_lines": [], "start_line": 91}, "get_org_id": {"executed_lines": [106], "summary": {"covered_lines": 1, "num_statements": 1, "percent_covered": 100.0, "percent_covered_display": "100", "missing_lines": 0, "excluded_lines": 0, "percent_statements_covered": 100.0, "percent_statements_covered_display": "100"}, "missing_lines": [], "excluded_lines": [], "start_line": 100}, "get_logging_context": {"executed_lines": [119], "summary": {"covered_lines": 1, "num_statements": 1, "percent_covered": 100.0, "percent_covered_display": "100", "missing_lines": 0, "excluded_lines": 0, "percent_statements_covered": 100.0, "percent_statements_covered_display": "100"}, "missing_lines": [], "excluded_lines": [], "start_line": 109}, "log_with_context": {"executed_lines": [150, 151, 152, 153], "summary": {"covered_lines": 4, "num_statements": 4, "percent_covered": 100.0, "percent_covered_display": "100", "missing_lines": 0, "excluded_lines": 0, "percent_statements_covered": 100.0, "percent_statements_covered_display": "100"}, "missing_lines": [], "excluded_lines": [], "start_line": 126}, "LoggingMiddleware.dispatch": {"executed_lines": [185, 186, 189, 190, 201, 204, 205, 206, 207, 208, 211, 222, 224, 235, 237], "summary": {"covered_lines": 15, "num_statements": 15, "percent_covered": 100.0, "percent_covered_display": "100", "missing_lines": 0, "excluded_lines": 0, "percent_statements_covered": 100.0, "percent_statements_covered_display": "100"}, "missing_lines": [], "excluded_lines": [], "start_line": 174}, "get_logger": {"executed_lines": [256], "summary": {"covered_lines": 1, "num_statements": 1, "percent_covered": 100.0, "percent_covered_display": "100", "missing_lines": 0, "excluded_lines": 0, "percent_statements_covered": 100.0, "percent_statements_covered_display": "100"}, "missing_lines": [], "excluded_lines": [], "start_line": 240}, "": {"executed_lines": [34, 36, 37, 38, 39, 40, 42, 43, 44, 46, 48, 51, 56, 57, 58, 61, 70, 79, 91, 100, 109, 126, 156, 174, 240], "summary": {"covered_lines": 25, "num_statements": 25, "percent_covered": 100.0, "percent_covered_display": "100", "missing_lines": 0, "excluded_lines": 0, "percent_statements_covered": 100.0, "percent_statements_covered_display": "100"}, "missing_lines": [], "excluded_lines": [], "start_line": 1}}, "classes": {"LoggingMiddleware": {"executed_lines": [185, 186, 189, 190, 201, 204, 205, 206, 207, 208, 211, 222, 224, 235, 237], "summary": {"covered_lines": 15, "num_statements": 15, "percent_covered": 100.0, "percent_covered_display": "100", "missing_lines": 0, "excluded_lines": 0, "percent_statements_covered": 100.0, "percent_statements_covered_display": "100"}, "missing_lines": [], "excluded_lines": [], "start_line": 156}, "": {"executed_lines": [34, 36, 37, 38, 39, 40, 42, 43, 44, 46, 48, 51, 56, 57, 58, 61, 67, 70, 76, 79, 86, 87, 88, 91, 97, 100, 106, 109, 119, 126, 150, 151, 152, 153, 156, 174, 240, 256], "summary": {"covered_lines": 38, "num_statements": 38, "percent_covered": 100.0, "percent_covered_display": "100", "missing_lines": 0, "excluded_lines": 0, "percent_statements_covered": 100.0, "percent_statements_covered_display": "100"}, "missing_lines": [], "excluded_lines": [], "start_line": 1}}}, "fastapi_template/core/metrics.py": {"executed_lines": [97, 100, 106, 112, 118, 124, 130, 137, 143], "summary": {"covered_lines": 9, "num_statements": 9, "percent_covered": 100.0, "percent_covered_display": "100", "missing_lines": 0, "excluded_lines": 0, "percent_statements_covered": 100.0, "percent_statements_covered_display": "100"}, "missing_lines": [], "excluded_lines": [], "functions": {"": {"executed_lines": [97, 100, 106, 112, 118, 124, 130, 137, 143], "summary": {"covered_lines": 9, "num_statements": 9, "percent_covered": 100.0, "percent_covered_display": "100", "missing_lines": 0, "excluded_lines": 0, "percent_statements_covered": 100.0, "percent_statements_covered_display": "100"}, "missing_lines": [], "excluded_lines": [], "start_line": 1}}, "classes": {"": {"executed_lines": [97, 100, 106, 112, 118, 124, 130, 137, 143], "summary": {"covered_lines": 9, "num_statements": 9, "percent_covered": 100.0, "percent_covered_display": "100", "missing_lines": 0, "excluded_lines": 0, "percent_statements_covered": 100.0, "percent_statements_covered_display": "100"}, "missing_lines": [], "excluded_lines": [], "start_line": 1}}}, "fastapi_template/core/middleware.py": {"executed_lines": [10, 12, 13, 14, 16, 17, 18, 19, 21, 24, 25, 28, 55, 62, 63, 64, 66, 77, 78, 79, 80, 81, 82, 91, 97, 99, 102, 105, 131, 142, 145, 146, 147, 150, 151, 152, 154, 155, 164, 167, 168, 171, 173, 185], "summary": {"covered_lines": 44, "num_statements": 44, "percent_covered": 100.0, "percent_covered_display": "100", "missing_lines": 0, "excluded_lines": 0, "percent_statements_covered": 100.0, "percent_statements_covered_display": "100"}, "missing_lines": [], "excluded_lines": [], "functions": {"RequestSizeValidationMiddleware.__init__": {"executed_lines": [62, 63, 64], "summary": {"covered_lines": 3, "num_statements": 3, "percent_covered": 100.0, "percent_covered_display": "100", "missing_lines": 0, "excluded_lines": 0, "percent_statements_covered": 100.0, "percent_statements_covered_display": "100"}, "missing_lines": [], "excluded_lines": [], "start_line": 55}, "RequestSizeValidationMiddleware.dispatch": {"executed_lines": [77, 78, 79, 80, 81, 82, 91, 97, 99, 102], "summary": {"covered_lines": 10, "num_statements": 10, "percent_covered": 100.0, "percent_covered_display": "100", "missing_lines": 0, "excluded_lines": 0, "percent_statements_covered": 100.0, "percent_statements_covered_display": "100"}, "missing_lines": [], "excluded_lines": [], "start_line": 66}, "RequestLoggingMiddleware.dispatch": {"executed_lines": [142, 145, 146, 147, 150, 151, 152, 154, 155, 164, 167, 168, 171, 173, 185], "summary": {"covered_lines": 15, "num_statements": 15, "percent_covered": 100.0, "percent_covered_display": "100", "missing_lines": 0, "excluded_lines": 0, "percent_statements_covered": 100.0, "percent_statements_covered_display": "100"}, "missing_lines": [], "excluded_lines": [], "start_line": 131}, "": {"executed_lines": [10, 12, 13, 14, 16, 17, 18, 19, 21, 24, 25, 28, 55, 66, 105, 131], "summary": {"covered_lines": 16, "num_statements": 16, "percent_covered": 100.0, "percent_covered_display": "100", "missing_lines": 0, "excluded_lines": 0, "percent_statements_covered": 100.0, "percent_statements_covered_display": "100"}, "missing_lines": [], "excluded_lines": [], "start_line": 1}}, "classes": {"RequestSizeValidationMiddleware": {"executed_lines": [62, 63, 64, 77, 78, 79, 80, 81, 82, 91, 97, 99, 102], "summary": {"covered_lines": 13, "num_statements": 13, "percent_covered": 100.0, "percent_covered_display": "100", "missing_lines": 0, "excluded_lines": 0, "percent_statements_covered": 100.0, "percent_statements_covered_display": "100"}, "missing_lines": [], "excluded_lines": [], "start_line": 28}, "RequestLoggingMiddleware": {"executed_lines": [142, 145, 146, 147, 150, 151, 152, 154, 155, 164, 167, 168, 171, 173, 185], "summary": {"covered_lines": 15, "num_statements": 15, "percent_covered": 100.0, "percent_covered_display": "100", "missing_lines": 0, "excluded_lines": 0, "percent_statements_covered": 100.0, "percent_statements_covered_display": "100"}, "missing_lines": [], "excluded_lines": [], "start_line": 105}, "": {"executed_lines": [10, 12, 13, 14, 16, 17, 18, 19, 21, 24, 25, 28, 55, 66, 105, 131], "summary": {"covered_lines": 16, "num_statements": 16, "percent_covered": 100.0, "percent_covered_display": "100", "missing_lines": 0, "excluded_lines": 0, "percent_statements_covered": 100.0, "percent_statements_covered_display": "100"}, "missing_lines": [], "excluded_lines": [], "start_line": 1}}}, "fastapi_template/core/pagination.py": {"executed_lines": [3, 4, 6, 7, 8, 10, 13, 14, 15, 22, 25, 26, 27, 29, 30, 31, 32, 34, 35, 36, 37, 38, 40], "summary": {"covered_lines": 23, "num_statements": 23, "percent_covered": 100.0, "percent_covered_display": "100", "missing_lines": 0, "excluded_lines": 0, "percent_statements_covered": 100.0, "percent_statements_covered_display": "100"}, "missing_lines": [], "excluded_lines": [], "functions": {"configure_pagination": {"executed_lines": [26, 27, 29, 30, 31, 32, 34, 35, 36, 37, 38, 40], "summary": {"covered_lines": 12, "num_statements": 12, "percent_covered": 100.0, "percent_covered_display": "100", "missing_lines": 0, "excluded_lines": 0, "percent_statements_covered": 100.0, "percent_statements_covered_display": "100"}, "missing_lines": [], "excluded_lines": [], "start_line": 25}, "": {"executed_lines": [3, 4, 6, 7, 8, 10, 13, 14, 15, 22, 25], "summary": {"covered_lines": 11, "num_statements": 11, "percent_covered": 100.0, "percent_covered_display": "100", "missing_lines": 0, "excluded_lines": 0, "percent_statements_covered": 100.0, "percent_statements_covered_display": "100"}, "missing_lines": [], "excluded_lines": [], "start_line": 1}}, "classes": {"DefaultParams": {"executed_lines": [], "summary": {"covered_lines": 0, "num_statements": 0, "percent_covered": 100.0, "percent_covered_display": "100", "missing_lines": 0, "excluded_lines": 0, "percent_statements_covered": 100.0, "percent_statements_covered_display": "100"}, "missing_lines": [], "excluded_lines": [], "start_line": 13}, "": {"executed_lines": [3, 4, 6, 7, 8, 10, 13, 14, 15, 22, 25, 26, 27, 29, 30, 31, 32, 34, 35, 36, 37, 38, 40], "summary": {"covered_lines": 23, "num_statements": 23, "percent_covered": 100.0, "percent_covered_display": "100", "missing_lines": 0, "excluded_lines": 0, "percent_statements_covered": 100.0, "percent_statements_covered_display": "100"}, "missing_lines": [], "excluded_lines": [], "start_line": 1}}}, "fastapi_template/core/permissions.py": {"executed_lines": [1, 3, 48, 49, 50, 52, 53, 54, 56, 57, 58, 60, 67, 70, 101, 119, 124, 127, 151, 169, 172, 173, 184, 187, 188, 200, 205, 215, 219, 220, 221], "summary": {"covered_lines": 31, "num_statements": 35, "percent_covered": 88.57142857142857, "percent_covered_display": "89", "missing_lines": 4, "excluded_lines": 0, "percent_statements_covered": 88.57142857142857, "percent_statements_covered_display": "89"}, "missing_lines": [93, 98, 174, 178], "excluded_lines": [], "functions": {"_get_user_role": {"executed_lines": [], "summary": {"covered_lines": 0, "num_statements": 2, "percent_covered": 0.0, "percent_covered_display": "0", "missing_lines": 2, "excluded_lines": 0, "percent_statements_covered": 0.0, "percent_statements_covered_display": "0"}, "missing_lines": [93, 98], "excluded_lines": [], "start_line": 70}, "_role_hierarchy_check": {"executed_lines": [119, 124], "summary": {"covered_lines": 2, "num_statements": 2, "percent_covered": 100.0, "percent_covered_display": "100", "missing_lines": 0, "excluded_lines": 0, "percent_statements_covered": 100.0, "percent_statements_covered_display": "100"}, "missing_lines": [], "excluded_lines": [], "start_line": 101}, "require_role": {"executed_lines": [151, 215], "summary": {"covered_lines": 2, "num_statements": 2, "percent_covered": 100.0, "percent_covered_display": "100", "missing_lines": 0, "excluded_lines": 0, "percent_statements_covered": 100.0, "percent_statements_covered_display": "100"}, "missing_lines": [], "excluded_lines": [], "start_line": 127}, "require_role._check_role": {"executed_lines": [169, 172, 173, 184, 187, 188, 200, 205], "summary": {"covered_lines": 8, "num_statements": 10, "percent_covered": 80.0, "percent_covered_display": "80", "missing_lines": 2, "excluded_lines": 0, "percent_statements_covered": 80.0, "percent_statements_covered_display": "80"}, "missing_lines": [174, 178], "excluded_lines": [], "start_line": 151}, "": {"executed_lines": [1, 3, 48, 49, 50, 52, 53, 54, 56, 57, 58, 60, 67, 70, 101, 127, 219, 220, 221], "summary": {"covered_lines": 19, "num_statements": 19, "percent_covered": 100.0, "percent_covered_display": "100", "missing_lines": 0, "excluded_lines": 0, "percent_statements_covered": 100.0, "percent_statements_covered_display": "100"}, "missing_lines": [], "excluded_lines": [], "start_line": 1}}, "classes": {"": {"executed_lines": [1, 3, 48, 49, 50, 52, 53, 54, 56, 57, 58, 60, 67, 70, 101, 119, 124, 127, 151, 169, 172, 173, 184, 187, 188, 200, 205, 215, 219, 220, 221], "summary": {"covered_lines": 31, "num_statements": 35, "percent_covered": 88.57142857142857, "percent_covered_display": "89", "missing_lines": 4, "excluded_lines": 0, "percent_statements_covered": 88.57142857142857, "percent_statements_covered_display": "89"}, "missing_lines": [93, 98, 174, 178], "excluded_lines": [], "start_line": 1}}}, "fastapi_template/core/storage.py": {"executed_lines": [40, 42, 43, 44, 50, 53, 63, 64, 65, 66, 69, 88, 111, 130, 149, 171, 185, 188, 190, 192, 195, 198, 202, 205, 207, 209, 216, 217, 218, 226, 229, 230, 231, 233, 235, 242, 243, 244, 252, 255, 256, 257, 259, 261, 268, 269, 270, 278, 296, 299, 303, 310, 311, 312, 319, 322, 323, 325], "summary": {"covered_lines": 58, "num_statements": 72, "percent_covered": 80.55555555555556, "percent_covered_display": "81", "missing_lines": 14, "excluded_lines": 2, "percent_statements_covered": 80.55555555555556, "percent_statements_covered_display": "81"}, "missing_lines": [109, 128, 147, 168, 213, 220, 239, 246, 265, 272, 300, 301, 314, 315], "excluded_lines": [46, 47], "functions": {"StorageService.upload": {"executed_lines": [], "summary": {"covered_lines": 0, "num_statements": 1, "percent_covered": 0.0, "percent_covered_display": "0", "missing_lines": 1, "excluded_lines": 0, "percent_statements_covered": 0.0, "percent_statements_covered_display": "0"}, "missing_lines": [109], "excluded_lines": [], "start_line": 88}, "StorageService.download": {"executed_lines": [], "summary": {"covered_lines": 0, "num_statements": 1, "percent_covered": 0.0, "percent_covered_display": "0", "missing_lines": 1, "excluded_lines": 0, "percent_statements_covered": 0.0, "percent_statements_covered_display": "0"}, "missing_lines": [128], "excluded_lines": [], "start_line": 111}, "StorageService.delete": {"executed_lines": [], "summary": {"covered_lines": 0, "num_statements": 1, "percent_covered": 0.0, "percent_covered_display": "0", "missing_lines": 1, "excluded_lines": 0, "percent_statements_covered": 0.0, "percent_statements_covered_display": "0"}, "missing_lines": [147], "excluded_lines": [], "start_line": 130}, "StorageService.get_download_url": {"executed_lines": [], "summary": {"covered_lines": 0, "num_statements": 1, "percent_covered": 0.0, "percent_covered_display": "0", "missing_lines": 1, "excluded_lines": 0, "percent_statements_covered": 0.0, "percent_statements_covered_display": "0"}, "missing_lines": [168], "excluded_lines": [], "start_line": 149}, "_get_local_storage": {"executed_lines": [190, 192], "summary": {"covered_lines": 2, "num_statements": 2, "percent_covered": 100.0, "percent_covered_display": "100", "missing_lines": 0, "excluded_lines": 0, "percent_statements_covered": 100.0, "percent_statements_covered_display": "100"}, "missing_lines": [], "excluded_lines": [], "start_line": 188}, "_get_azure_storage": {"executed_lines": [198, 202, 205, 207, 209, 216, 217, 218], "summary": {"covered_lines": 8, "num_statements": 10, "percent_covered": 80.0, "percent_covered_display": "80", "missing_lines": 2, "excluded_lines": 0, "percent_statements_covered": 80.0, "percent_statements_covered_display": "80"}, "missing_lines": [213, 220], "excluded_lines": [], "start_line": 195}, "_get_s3_storage": {"executed_lines": [229, 230, 231, 233, 235, 242, 243, 244], "summary": {"covered_lines": 8, "num_statements": 10, "percent_covered": 80.0, "percent_covered_display": "80", "missing_lines": 2, "excluded_lines": 0, "percent_statements_covered": 80.0, "percent_statements_covered_display": "80"}, "missing_lines": [239, 246], "excluded_lines": [], "start_line": 226}, "_get_gcs_storage": {"executed_lines": [255, 256, 257, 259, 261, 268, 269, 270], "summary": {"covered_lines": 8, "num_statements": 10, "percent_covered": 80.0, "percent_covered_display": "80", "missing_lines": 2, "excluded_lines": 0, "percent_statements_covered": 80.0, "percent_statements_covered_display": "80"}, "missing_lines": [265, 272], "excluded_lines": [], "start_line": 252}, "get_storage_service": {"executed_lines": [296, 299, 303, 310, 311, 312], "summary": {"covered_lines": 6, "num_statements": 10, "percent_covered": 60.0, "percent_covered_display": "60", "missing_lines": 4, "excluded_lines": 0, "percent_statements_covered": 60.0, "percent_statements_covered_display": "60"}, "missing_lines": [300, 301, 314, 315], "excluded_lines": [], "start_line": 278}, "_init_settings": {"executed_lines": [322, 323, 325], "summary": {"covered_lines": 3, "num_statements": 3, "percent_covered": 100.0, "percent_covered_display": "100", "missing_lines": 0, "excluded_lines": 0, "percent_statements_covered": 100.0, "percent_statements_covered_display": "100"}, "missing_lines": [], "excluded_lines": [], "start_line": 319}, "": {"executed_lines": [40, 42, 43, 44, 50, 53, 63, 64, 65, 66, 69, 88, 111, 130, 149, 171, 185, 188, 195, 226, 252, 278, 319], "summary": {"covered_lines": 23, "num_statements": 23, "percent_covered": 100.0, "percent_covered_display": "100", "missing_lines": 0, "excluded_lines": 2, "percent_statements_covered": 100.0, "percent_statements_covered_display": "100"}, "missing_lines": [], "excluded_lines": [46, 47], "start_line": 1}}, "classes": {"StorageProvider": {"executed_lines": [], "summary": {"covered_lines": 0, "num_statements": 0, "percent_covered": 100.0, "percent_covered_display": "100", "missing_lines": 0, "excluded_lines": 0, "percent_statements_covered": 100.0, "percent_statements_covered_display": "100"}, "missing_lines": [], "excluded_lines": [], "start_line": 53}, "StorageService": {"executed_lines": [], "summary": {"covered_lines": 0, "num_statements": 4, "percent_covered": 0.0, "percent_covered_display": "0", "missing_lines": 4, "excluded_lines": 0, "percent_statements_covered": 0.0, "percent_statements_covered_display": "0"}, "missing_lines": [109, 128, 147, 168], "excluded_lines": [], "start_line": 69}, "StorageError": {"executed_lines": [], "summary": {"covered_lines": 0, "num_statements": 0, "percent_covered": 100.0, "percent_covered_display": "100", "missing_lines": 0, "excluded_lines": 0, "percent_statements_covered": 100.0, "percent_statements_covered_display": "100"}, "missing_lines": [], "excluded_lines": [], "start_line": 171}, "": {"executed_lines": [40, 42, 43, 44, 50, 53, 63, 64, 65, 66, 69, 88, 111, 130, 149, 171, 185, 188, 190, 192, 195, 198, 202, 205, 207, 209, 216, 217, 218, 226, 229, 230, 231, 233, 235, 242, 243, 244, 252, 255, 256, 257, 259, 261, 268, 269, 270, 278, 296, 299, 303, 310, 311, 312, 319, 322, 323, 325], "summary": {"covered_lines": 58, "num_statements": 68, "percent_covered": 85.29411764705883, "percent_covered_display": "85", "missing_lines": 10, "excluded_lines": 2, "percent_statements_covered": 85.29411764705883, "percent_statements_covered_display": "85"}, "missing_lines": [213, 220, 239, 246, 265, 272, 300, 301, 314, 315], "excluded_lines": [46, 47], "start_line": 1}}}, "fastapi_template/core/storage_providers.py": {"executed_lines": [43, 45, 46, 47, 48, 49, 50, 51, 52, 54, 62, 63, 65, 68, 69, 72, 73, 74, 75, 78, 80, 81, 83, 89, 109, 110, 111, 112, 113, 114, 115, 116, 118, 119, 124, 125, 127, 128, 130, 131, 133, 134, 136, 137, 140, 155, 163, 164, 165, 168, 172, 173, 174, 175, 176, 178, 181, 208, 222, 223, 266, 287, 293, 296, 297, 299, 312, 313, 314, 315, 317, 320, 321, 322, 324, 331, 333, 355, 357, 359, 360, 361, 362, 363, 365, 382, 384, 385, 387, 388, 393, 410, 412, 413, 415, 416, 421, 423, 443, 444, 447, 476, 483, 484, 488, 490, 491, 492, 494, 504, 505, 506, 508, 529, 530, 535, 536, 541, 542, 543, 545, 547, 564, 565, 570, 571, 572, 573, 574, 575, 576, 577, 579, 596, 597, 602, 603, 604, 605, 606, 607, 608, 610, 612, 631, 633, 635, 636, 637, 638, 639, 640, 641, 643, 652, 656, 657, 658, 660, 663, 692, 699, 700, 701, 703, 704, 705, 707, 717, 718, 719, 721, 742, 744, 745, 746, 752, 753, 754, 755, 757, 774, 776, 777, 778, 782, 783, 784, 785, 786, 787, 788, 789, 790, 792, 809, 811, 812, 813, 816, 817, 818, 819, 821, 840, 842, 843, 844, 849, 850, 851, 854, 881, 888, 889, 893, 895, 896, 897, 898, 900, 910, 911, 912, 914, 935, 936, 938, 940, 945, 946, 947, 949, 951, 968, 969, 971, 973, 974, 975, 977, 978, 979, 980, 981, 982, 984, 1001, 1002, 1004, 1006, 1007, 1008, 1010, 1011, 1012, 1013, 1014, 1015, 1017, 1019, 1038, 1039, 1041, 1042, 1047, 1048, 1049], "summary": {"covered_lines": 268, "num_statements": 284, "percent_covered": 94.36619718309859, "percent_covered_display": "94", "missing_lines": 16, "excluded_lines": 8, "percent_statements_covered": 94.36619718309859, "percent_statements_covered_display": "94"}, "missing_lines": [122, 123, 129, 135, 169, 325, 326, 327, 328, 329, 389, 390, 391, 417, 418, 419], "excluded_lines": [93, 95, 96, 99, 103, 104, 105, 106], "functions": {"_log_storage_retry": {"executed_lines": [80, 81, 83, 89], "summary": {"covered_lines": 4, "num_statements": 4, "percent_covered": 100.0, "percent_covered_display": "100", "missing_lines": 0, "excluded_lines": 0, "percent_statements_covered": 100.0, "percent_statements_covered_display": "100"}, "missing_lines": [], "excluded_lines": [], "start_line": 78}, "_is_transient_storage_error": {"executed_lines": [155, 163, 164, 165, 168, 172, 173, 174, 175, 176, 178], "summary": {"covered_lines": 11, "num_statements": 12, "percent_covered": 91.66666666666667, "percent_covered_display": "92", "missing_lines": 1, "excluded_lines": 0, "percent_statements_covered": 91.66666666666667, "percent_statements_covered_display": "92"}, "missing_lines": [169], "excluded_lines": [], "start_line": 140}, "create_storage_retry": {"executed_lines": [208], "summary": {"covered_lines": 1, "num_statements": 1, "percent_covered": 100.0, "percent_covered_display": "100", "missing_lines": 0, "excluded_lines": 0, "percent_statements_covered": 100.0, "percent_statements_covered_display": "100"}, "missing_lines": [], "excluded_lines": [], "start_line": 181}, "LocalStorageService.__init__": {"executed_lines": [293, 296, 297], "summary": {"covered_lines": 3, "num_statements": 3, "percent_covered": 100.0, "percent_covered_display": "100", "missing_lines": 0, "excluded_lines": 0, "percent_statements_covered": 100.0, "percent_statements_covered_display": "100"}, "missing_lines": [], "excluded_lines": [], "start_line": 287}, "LocalStorageService._get_file_path": {"executed_lines": [312, 313, 314, 315, 317, 320, 321, 322, 324, 331], "summary": {"covered_lines": 10, "num_statements": 15, "percent_covered": 66.66666666666667, "percent_covered_display": "67", "missing_lines": 5, "excluded_lines": 0, "percent_statements_covered": 66.66666666666667, "percent_statements_covered_display": "67"}, "missing_lines": [325, 326, 327, 328, 329], "excluded_lines": [], "start_line": 299}, "LocalStorageService.upload": {"executed_lines": [355, 357, 359, 360, 361, 362, 363], "summary": {"covered_lines": 7, "num_statements": 7, "percent_covered": 100.0, "percent_covered_display": "100", "missing_lines": 0, "excluded_lines": 0, "percent_statements_covered": 100.0, "percent_statements_covered_display": "100"}, "missing_lines": [], "excluded_lines": [], "start_line": 333}, "LocalStorageService.download": {"executed_lines": [382, 384, 385, 387, 388], "summary": {"covered_lines": 5, "num_statements": 8, "percent_covered": 62.5, "percent_covered_display": "62", "missing_lines": 3, "excluded_lines": 0, "percent_statements_covered": 62.5, "percent_statements_covered_display": "62"}, "missing_lines": [389, 390, 391], "excluded_lines": [], "start_line": 365}, "LocalStorageService.delete": {"executed_lines": [410, 412, 413, 415, 416, 421], "summary": {"covered_lines": 6, "num_statements": 9, "percent_covered": 66.66666666666667, "percent_covered_display": "67", "missing_lines": 3, "excluded_lines": 0, "percent_statements_covered": 66.66666666666667, "percent_statements_covered_display": "67"}, "missing_lines": [417, 418, 419], "excluded_lines": [], "start_line": 393}, "LocalStorageService.get_download_url": {"executed_lines": [443, 444], "summary": {"covered_lines": 2, "num_statements": 2, "percent_covered": 100.0, "percent_covered_display": "100", "missing_lines": 0, "excluded_lines": 0, "percent_statements_covered": 100.0, "percent_statements_covered_display": "100"}, "missing_lines": [], "excluded_lines": [], "start_line": 423}, "AzureBlobStorageService.__init__": {"executed_lines": [483, 484, 488, 490, 491, 492], "summary": {"covered_lines": 6, "num_statements": 6, "percent_covered": 100.0, "percent_covered_display": "100", "missing_lines": 0, "excluded_lines": 0, "percent_statements_covered": 100.0, "percent_statements_covered_display": "100"}, "missing_lines": [], "excluded_lines": [], "start_line": 476}, "AzureBlobStorageService._get_blob_name": {"executed_lines": [504, 505, 506], "summary": {"covered_lines": 3, "num_statements": 3, "percent_covered": 100.0, "percent_covered_display": "100", "missing_lines": 0, "excluded_lines": 0, "percent_statements_covered": 100.0, "percent_statements_covered_display": "100"}, "missing_lines": [], "excluded_lines": [], "start_line": 494}, "AzureBlobStorageService.upload": {"executed_lines": [529, 530, 535, 536, 541, 542, 543, 545], "summary": {"covered_lines": 8, "num_statements": 8, "percent_covered": 100.0, "percent_covered_display": "100", "missing_lines": 0, "excluded_lines": 0, "percent_statements_covered": 100.0, "percent_statements_covered_display": "100"}, "missing_lines": [], "excluded_lines": [], "start_line": 508}, "AzureBlobStorageService.download": {"executed_lines": [564, 565, 570, 571, 572, 573, 574, 575, 576, 577], "summary": {"covered_lines": 10, "num_statements": 10, "percent_covered": 100.0, "percent_covered_display": "100", "missing_lines": 0, "excluded_lines": 0, "percent_statements_covered": 100.0, "percent_statements_covered_display": "100"}, "missing_lines": [], "excluded_lines": [], "start_line": 547}, "AzureBlobStorageService.delete": {"executed_lines": [596, 597, 602, 603, 604, 605, 606, 607, 608, 610], "summary": {"covered_lines": 10, "num_statements": 10, "percent_covered": 100.0, "percent_covered_display": "100", "missing_lines": 0, "excluded_lines": 0, "percent_statements_covered": 100.0, "percent_statements_covered_display": "100"}, "missing_lines": [], "excluded_lines": [], "start_line": 579}, "AzureBlobStorageService.get_download_url": {"executed_lines": [631, 633, 635, 636, 637, 638, 639, 640, 641, 643, 652, 656, 657, 658, 660], "summary": {"covered_lines": 15, "num_statements": 15, "percent_covered": 100.0, "percent_covered_display": "100", "missing_lines": 0, "excluded_lines": 0, "percent_statements_covered": 100.0, "percent_statements_covered_display": "100"}, "missing_lines": [], "excluded_lines": [], "start_line": 612}, "S3StorageService.__init__": {"executed_lines": [699, 700, 701, 703, 704, 705], "summary": {"covered_lines": 6, "num_statements": 6, "percent_covered": 100.0, "percent_covered_display": "100", "missing_lines": 0, "excluded_lines": 0, "percent_statements_covered": 100.0, "percent_statements_covered_display": "100"}, "missing_lines": [], "excluded_lines": [], "start_line": 692}, "S3StorageService._get_object_key": {"executed_lines": [717, 718, 719], "summary": {"covered_lines": 3, "num_statements": 3, "percent_covered": 100.0, "percent_covered_display": "100", "missing_lines": 0, "excluded_lines": 0, "percent_statements_covered": 100.0, "percent_statements_covered_display": "100"}, "missing_lines": [], "excluded_lines": [], "start_line": 707}, "S3StorageService.upload": {"executed_lines": [742, 744, 745, 746, 752, 753, 754, 755], "summary": {"covered_lines": 8, "num_statements": 8, "percent_covered": 100.0, "percent_covered_display": "100", "missing_lines": 0, "excluded_lines": 0, "percent_statements_covered": 100.0, "percent_statements_covered_display": "100"}, "missing_lines": [], "excluded_lines": [], "start_line": 721}, "S3StorageService.download": {"executed_lines": [774, 776, 777, 778, 782, 783, 784, 785, 786, 787, 788, 789, 790], "summary": {"covered_lines": 13, "num_statements": 13, "percent_covered": 100.0, "percent_covered_display": "100", "missing_lines": 0, "excluded_lines": 0, "percent_statements_covered": 100.0, "percent_statements_covered_display": "100"}, "missing_lines": [], "excluded_lines": [], "start_line": 757}, "S3StorageService.delete": {"executed_lines": [809, 811, 812, 813, 816, 817, 818, 819], "summary": {"covered_lines": 8, "num_statements": 8, "percent_covered": 100.0, "percent_covered_display": "100", "missing_lines": 0, "excluded_lines": 0, "percent_statements_covered": 100.0, "percent_statements_covered_display": "100"}, "missing_lines": [], "excluded_lines": [], "start_line": 792}, "S3StorageService.get_download_url": {"executed_lines": [840, 842, 843, 844, 849, 850, 851], "summary": {"covered_lines": 7, "num_statements": 7, "percent_covered": 100.0, "percent_covered_display": "100", "missing_lines": 0, "excluded_lines": 0, "percent_statements_covered": 100.0, "percent_statements_covered_display": "100"}, "missing_lines": [], "excluded_lines": [], "start_line": 821}, "GCSStorageService.__init__": {"executed_lines": [888, 889, 893, 895, 896, 897, 898], "summary": {"covered_lines": 7, "num_statements": 7, "percent_covered": 100.0, "percent_covered_display": "100", "missing_lines": 0, "excluded_lines": 0, "percent_statements_covered": 100.0, "percent_statements_covered_display": "100"}, "missing_lines": [], "excluded_lines": [], "start_li
[...]
luded_lines": [], "start_line": 27}, "OrganizationRead": {"executed_lines": [], "summary": {"covered_lines": 0, "num_statements": 0, "percent_covered": 100.0, "percent_covered_display": "100", "missing_lines": 0, "excluded_lines": 0, "percent_statements_covered": 100.0, "percent_statements_covered_display": "100"}, "missing_lines": [], "excluded_lines": [], "start_line": 59}, "OrganizationUpdate": {"executed_lines": [87, 88, 89, 90, 91, 92, 95], "summary": {"covered_lines": 7, "num_statements": 9, "percent_covered": 77.77777777777777, "percent_covered_display": "78", "missing_lines": 2, "excluded_lines": 0, "percent_statements_covered": 77.77777777777777, "percent_statements_covered_display": "78"}, "missing_lines": [93, 94], "excluded_lines": [], "start_line": 69}, "": {"executed_lines": [3, 5, 6, 7, 9, 10, 12, 13, 16, 19, 20, 23, 24, 27, 34, 35, 36, 59, 60, 61, 62, 63, 66, 69, 70, 72, 73, 74], "summary": {"covered_lines": 28, "num_statements": 28, "percent_covered": 100.0, "percent_covered_display": "100", "missing_lines": 0, "excluded_lines": 0, "percent_statements_covered": 100.0, "percent_statements_covered_display": "100"}, "missing_lines": [], "excluded_lines": [], "start_line": 1}}}, "fastapi_template/models/shared.py": {"executed_lines": [3, 4, 5, 7, 8, 11, 12, 13, 14, 15, 18, 21, 22, 23, 24, 25, 26, 29], "summary": {"covered_lines": 18, "num_statements": 18, "percent_covered": 100.0, "percent_covered_display": "100", "missing_lines": 0, "excluded_lines": 0, "percent_statements_covered": 100.0, "percent_statements_covered_display": "100"}, "missing_lines": [], "excluded_lines": [], "functions": {"": {"executed_lines": [3, 4, 5, 7, 8, 11, 12, 13, 14, 15, 18, 21, 22, 23, 24, 25, 26, 29], "summary": {"covered_lines": 18, "num_statements": 18, "percent_covered": 100.0, "percent_covered_display": "100", "missing_lines": 0, "excluded_lines": 0, "percent_statements_covered": 100.0, "percent_statements_covered_display": "100"}, "missing_lines": [], "excluded_lines": [], "start_line": 1}}, "classes": {"OrganizationInfo": {"executed_lines": [], "summary": {"covered_lines": 0, "num_statements": 0, "percent_covered": 100.0, "percent_covered_display": "100", "missing_lines": 0, "excluded_lines": 0, "percent_statements_covered": 100.0, "percent_statements_covered_display": "100"}, "missing_lines": [], "excluded_lines": [], "start_line": 11}, "UserInfo": {"executed_lines": [], "summary": {"covered_lines": 0, "num_statements": 0, "percent_covered": 100.0, "percent_covered_display": "100", "missing_lines": 0, "excluded_lines": 0, "percent_statements_covered": 100.0, "percent_statements_covered_display": "100"}, "missing_lines": [], "excluded_lines": [], "start_line": 21}, "": {"executed_lines": [3, 4, 5, 7, 8, 11, 12, 13, 14, 15, 18, 21, 22, 23, 24, 25, 26, 29], "summary": {"covered_lines": 18, "num_statements": 18, "percent_covered": 100.0, "percent_covered_display": "100", "missing_lines": 0, "excluded_lines": 0, "percent_statements_covered": 100.0, "percent_statements_covered_display": "100"}, "missing_lines": [], "excluded_lines": [], "start_line": 1}}}, "fastapi_template/models/user.py": {"executed_lines": [3, 5, 6, 7, 9, 10, 11, 13, 14, 17, 20, 21, 22, 25, 26, 28, 36, 37, 38, 39, 52, 53, 54, 55, 56, 59, 62, 63, 64, 65, 66, 69, 72, 73, 74, 76, 77, 78, 91, 92, 93, 96, 99], "summary": {"covered_lines": 43, "num_statements": 49, "percent_covered": 87.75510204081633, "percent_covered_display": "88", "missing_lines": 6, "excluded_lines": 0, "percent_statements_covered": 87.75510204081633, "percent_statements_covered_display": "88"}, "missing_lines": [57, 58, 94, 95, 97, 98], "excluded_lines": [], "functions": {"UserCreate.validate_name": {"executed_lines": [52, 53, 54, 55, 56, 59], "summary": {"covered_lines": 6, "num_statements": 8, "percent_covered": 75.0, "percent_covered_display": "75", "missing_lines": 2, "excluded_lines": 0, "percent_statements_covered": 75.0, "percent_statements_covered_display": "75"}, "missing_lines": [57, 58], "excluded_lines": [], "start_line": 39}, "UserUpdate.validate_name": {"executed_lines": [91, 92, 93, 96, 99], "summary": {"covered_lines": 5, "num_statements": 9, "percent_covered": 55.55555555555556, "percent_covered_display": "56", "missing_lines": 4, "excluded_lines": 0, "percent_statements_covered": 55.55555555555556, "percent_statements_covered_display": "56"}, "missing_lines": [94, 95, 97, 98], "excluded_lines": [], "start_line": 78}, "": {"executed_lines": [3, 5, 6, 7, 9, 10, 11, 13, 14, 17, 20, 21, 22, 25, 26, 28, 36, 37, 38, 39, 62, 63, 64, 65, 66, 69, 72, 73, 74, 76, 77, 78], "summary": {"covered_lines": 32, "num_statements": 32, "percent_covered": 100.0, "percent_covered_display": "100", "missing_lines": 0, "excluded_lines": 0, "percent_statements_covered": 100.0, "percent_statements_covered_display": "100"}, "missing_lines": [], "excluded_lines": [], "start_line": 1}}, "classes": {"UserBase": {"executed_lines": [], "summary": {"covered_lines": 0, "num_statements": 0, "percent_covered": 100.0, "percent_covered_display": "100", "missing_lines": 0, "excluded_lines": 0, "percent_statements_covered": 100.0, "percent_statements_covered_display": "100"}, "missing_lines": [], "excluded_lines": [], "start_line": 20}, "User": {"executed_lines": [], "summary": {"covered_lines": 0, "num_statements": 0, "percent_covered": 100.0, "percent_covered_display": "100", "missing_lines": 0, "excluded_lines": 0, "percent_statements_covered": 100.0, "percent_statements_covered_display": "100"}, "missing_lines": [], "excluded_lines": [], "start_line": 25}, "UserCreate": {"executed_lines": [52, 53, 54, 55, 56, 59], "summary": {"covered_lines": 6, "num_statements": 8, "percent_covered": 75.0, "percent_covered_display": "75", "missing_lines": 2, "excluded_lines": 0, "percent_statements_covered": 75.0, "percent_statements_covered_display": "75"}, "missing_lines": [57, 58], "excluded_lines": [], "start_line": 36}, "UserRead": {"executed_lines": [], "summary": {"covered_lines": 0, "num_statements": 0, "percent_covered": 100.0, "percent_covered_display": "100", "missing_lines": 0, "excluded_lines": 0, "percent_statements_covered": 100.0, "percent_statements_covered_display": "100"}, "missing_lines": [], "excluded_lines": [], "start_line": 62}, "UserUpdate": {"executed_lines": [91, 92, 93, 96, 99], "summary": {"covered_lines": 5, "num_statements": 9, "percent_covered": 55.55555555555556, "percent_covered_display": "56", "missing_lines": 4, "excluded_lines": 0, "percent_statements_covered": 55.55555555555556, "percent_statements_covered_display": "56"}, "missing_lines": [94, 95, 97, 98], "excluded_lines": [], "start_line": 72}, "": {"executed_lines": [3, 5, 6, 7, 9, 10, 11, 13, 14, 17, 20, 21, 22, 25, 26, 28, 36, 37, 38, 39, 62, 63, 64, 65, 66, 69, 72, 73, 74, 76, 77, 78], "summary": {"covered_lines": 32, "num_statements": 32, "percent_covered": 100.0, "percent_covered_display": "100", "missing_lines": 0, "excluded_lines": 0, "percent_statements_covered": 100.0, "percent_statements_covered_display": "100"}, "missing_lines": [], "excluded_lines": [], "start_line": 1}}}, "fastapi_template/services/__init__.py": {"executed_lines": [], "summary": {"covered_lines": 0, "num_statements": 0, "percent_covered": 100.0, "percent_covered_display": "100", "missing_lines": 0, "excluded_lines": 0, "percent_statements_covered": 100.0, "percent_statements_covered_display": "100"}, "missing_lines": [], "excluded_lines": [], "functions": {"": {"executed_lines": [], "summary": {"covered_lines": 0, "num_statements": 0, "percent_covered": 100.0, "percent_covered_display": "100", "missing_lines": 0, "excluded_lines": 0, "percent_statements_covered": 100.0, "percent_statements_covered_display": "100"}, "missing_lines": [], "excluded_lines": [], "start_line": 1}}, "classes": {"": {"executed_lines": [], "summary": {"covered_lines": 0, "num_statements": 0, "percent_covered": 100.0, "percent_covered_display": "100", "missing_lines": 0, "excluded_lines": 0, "percent_statements_covered": 100.0, "percent_statements_covered_display": "100"}, "missing_lines": [], "excluded_lines": [], "start_line": 1}}}, "fastapi_template/services/membership_service.py": {"executed_lines": [3, 5, 6, 7, 9, 10, 14, 21, 22, 23, 26, 27, 28, 31, 37, 38, 39, 40, 43, 44, 46, 49, 58, 59, 60, 61, 62, 63, 64, 67, 80, 81, 84, 85, 87], "summary": {"covered_lines": 35, "num_statements": 35, "percent_covered": 100.0, "percent_covered_display": "100", "missing_lines": 0, "excluded_lines": 0, "percent_statements_covered": 100.0, "percent_statements_covered_display": "100"}, "missing_lines": [], "excluded_lines": [], "functions": {"get_membership": {"executed_lines": [22, 23], "summary": {"covered_lines": 2, "num_statements": 2, "percent_covered": 100.0, "percent_covered_display": "100", "missing_lines": 0, "excluded_lines": 0, "percent_statements_covered": 100.0, "percent_statements_covered_display": "100"}, "missing_lines": [], "excluded_lines": [], "start_line": 21}, "list_memberships": {"executed_lines": [27, 28], "summary": {"covered_lines": 2, "num_statements": 2, "percent_covered": 100.0, "percent_covered_display": "100", "missing_lines": 0, "excluded_lines": 0, "percent_statements_covered": 100.0, "percent_statements_covered_display": "100"}, "missing_lines": [], "excluded_lines": [], "start_line": 26}, "create_membership": {"executed_lines": [37, 38, 39, 40, 43, 44, 46], "summary": {"covered_lines": 7, "num_statements": 7, "percent_covered": 100.0, "percent_covered_display": "100", "missing_lines": 0, "excluded_lines": 0, "percent_statements_covered": 100.0, "percent_statements_covered_display": "100"}, "missing_lines": [], "excluded_lines": [], "start_line": 31}, "update_membership": {"executed_lines": [58, 59, 60, 61, 62, 63, 64], "summary": {"covered_lines": 7, "num_statements": 7, "percent_covered": 100.0, "percent_covered_display": "100", "missing_lines": 0, "excluded_lines": 0, "percent_statements_covered": 100.0, "percent_statements_covered_display": "100"}, "missing_lines": [], "excluded_lines": [], "start_line": 49}, "delete_membership": {"executed_lines": [80, 81, 84, 85, 87], "summary": {"covered_lines": 5, "num_statements": 5, "percent_covered": 100.0, "percent_covered_display": "100", "missing_lines": 0, "excluded_lines": 0, "percent_statements_covered": 100.0, "percent_statements_covered_display": "100"}, "missing_lines": [], "excluded_lines": [], "start_line": 67}, "": {"executed_lines": [3, 5, 6, 7, 9, 10, 14, 21, 26, 31, 49, 67], "summary": {"covered_lines": 12, "num_statements": 12, "percent_covered": 100.0, "percent_covered_display": "100", "missing_lines": 0, "excluded_lines": 0, "percent_statements_covered": 100.0, "percent_statements_covered_display": "100"}, "missing_lines": [], "excluded_lines": [], "start_line": 1}}, "classes": {"": {"executed_lines": [3, 5, 6, 7, 9, 10, 14, 21, 22, 23, 26, 27, 28, 31, 37, 38, 39, 40, 43, 44, 46, 49, 58, 59, 60, 61, 62, 63, 64, 67, 80, 81, 84, 85, 87], "summary": {"covered_lines": 35, "num_statements": 35, "percent_covered": 100.0, "percent_covered_display": "100", "missing_lines": 0, "excluded_lines": 0, "percent_statements_covered": 100.0, "percent_statements_covered_display": "100"}, "missing_lines": [], "excluded_lines": [], "start_line": 1}}}, "fastapi_template/services/organization_service.py": {"executed_lines": [12, 13, 14, 16, 17, 18, 20, 21, 22, 27, 28, 33, 35, 38, 60, 61, 64, 65, 66, 68, 69, 70, 71, 74, 100, 101, 104, 105, 106, 108, 109, 110, 111, 112, 115, 125, 128, 136, 137, 138, 139, 142, 145, 154, 157, 166, 167, 168, 169, 170, 171, 172, 175, 191, 194, 196, 197, 200, 201, 204, 205, 210, 213, 214, 215, 216, 221, 222, 223, 224, 225], "summary": {"covered_lines": 71, "num_statements": 71, "percent_covered": 100.0, "percent_covered_display": "100", "missing_lines": 0, "excluded_lines": 0, "percent_statements_covered": 100.0, "percent_statements_covered_display": "100"}, "missing_lines": [], "excluded_lines": [], "functions": {"get_organization": {"executed_lines": [60, 61, 64, 65, 66, 68, 69, 70, 71], "summary": {"covered_lines": 9, "num_statements": 9, "percent_covered": 100.0, "percent_covered_display": "100", "missing_lines": 0, "excluded_lines": 0, "percent_statements_covered": 100.0, "percent_statements_covered_display": "100"}, "missing_lines": [], "excluded_lines": [], "start_line": 38}, "list_organizations": {"executed_lines": [100, 101, 104, 105, 106, 108, 109, 110, 111, 112], "summary": {"covered_lines": 10, "num_statements": 10, "percent_covered": 100.0, "percent_covered_display": "100", "missing_lines": 0, "excluded_lines": 0, "percent_statements_covered": 100.0, "percent_statements_covered_display": "100"}, "missing_lines": [], "excluded_lines": [], "start_line": 74}, "create_organization": {"executed_lines": [125, 128, 136, 137, 138, 139, 142, 145, 154], "summary": {"covered_lines": 9, "num_statements": 9, "percent_covered": 100.0, "percent_covered_display": "100", "missing_lines": 0, "excluded_lines": 0, "percent_statements_covered": 100.0, "percent_statements_covered_display": "100"}, "missing_lines": [], "excluded_lines": [], "start_line": 115}, "update_organization": {"executed_lines": [166, 167, 168, 169, 170, 171, 172], "summary": {"covered_lines": 7, "num_statements": 7, "percent_covered": 100.0, "percent_covered_display": "100", "missing_lines": 0, "excluded_lines": 0, "percent_statements_covered": 100.0, "percent_statements_covered_display": "100"}, "missing_lines": [], "excluded_lines": [], "start_line": 157}, "delete_organization": {"executed_lines": [191, 194, 196, 197, 200, 201], "summary": {"covered_lines": 6, "num_statements": 6, "percent_covered": 100.0, "percent_covered_display": "100", "missing_lines": 0, "excluded_lines": 0, "percent_statements_covered": 100.0, "percent_statements_covered_display": "100"}, "missing_lines": [], "excluded_lines": [], "start_line": 175}, "list_users_for_organization": {"executed_lines": [205, 210], "summary": {"covered_lines": 2, "num_statements": 2, "percent_covered": 100.0, "percent_covered_display": "100", "missing_lines": 0, "excluded_lines": 0, "percent_statements_covered": 100.0, "percent_statements_covered_display": "100"}, "missing_lines": [], "excluded_lines": [], "start_line": 204}, "list_users_for_organizations": {"executed_lines": [214, 215, 216, 221, 222, 223, 224, 225], "summary": {"covered_lines": 8, "num_statements": 8, "percent_covered": 100.0, "percent_covered_display": "100", "missing_lines": 0, "excluded_lines": 0, "percent_statements_covered": 100.0, "percent_statements_covered_display": "100"}, "missing_lines": [], "excluded_lines": [], "start_line": 213}, "": {"executed_lines": [12, 13, 14, 16, 17, 18, 20, 21, 22, 27, 28, 33, 35, 38, 74, 115, 157, 175, 204, 213], "summary": {"covered_lines": 20, "num_statements": 20, "percent_covered": 100.0, "percent_covered_display": "100", "missing_lines": 0, "excluded_lines": 0, "percent_statements_covered": 100.0, "percent_statements_covered_display": "100"}, "missing_lines": [], "excluded_lines": [], "start_line": 1}}, "classes": {"": {"executed_lines": [12, 13, 14, 16, 17, 18, 20, 21, 22, 27, 28, 33, 35, 38, 60, 61, 64, 65, 66, 68, 69, 70, 71, 74, 100, 101, 104, 105, 106, 108, 109, 110, 111, 112, 115, 125, 128, 136, 137, 138, 139, 142, 145, 154, 157, 166, 167, 168, 169, 170, 171, 172, 175, 191, 194, 196, 197, 200, 201, 204, 205, 210, 213, 214, 215, 216, 221, 222, 223, 224, 225], "summary": {"covered_lines": 71, "num_statements": 71, "percent_covered": 100.0, "percent_covered_display": "100", "missing_lines": 0, "excluded_lines": 0, "percent_statements_covered": 100.0, "percent_statements_covered_display": "100"}, "missing_lines": [], "excluded_lines": [], "start_line": 1}}}, "fastapi_template/services/user_service.py": {"executed_lines": [14, 15, 17, 18, 19, 21, 22, 26, 27, 28, 31, 41, 42, 43, 46, 48, 51, 52, 53, 56, 70, 71, 72, 73, 77, 79, 82, 83, 84, 85, 86, 87, 88, 89, 92, 93, 94, 97, 98, 106, 109, 110, 111, 112, 120, 121, 122, 123, 124], "summary": {"covered_lines": 49, "num_statements": 49, "percent_covered": 100.0, "percent_covered_display": "100", "missing_lines": 0, "excluded_lines": 0, "percent_statements_covered": 100.0, "percent_statements_covered_display": "100"}, "missing_lines": [], "excluded_lines": [], "functions": {"get_user": {"executed_lines": [41, 42, 43, 46, 48], "summary": {"covered_lines": 5, "num_statements": 5, "percent_covered": 100.0, "percent_covered_display": "100", "missing_lines": 0, "excluded_lines": 0, "percent_statements_covered": 100.0, "percent_statements_covered_display": "100"}, "missing_lines": [], "excluded_lines": [], "start_line": 31}, "list_users": {"executed_lines": [52, 53], "summary": {"covered_lines": 2, "num_statements": 2, "percent_covered": 100.0, "percent_covered_display": "100", "missing_lines": 0, "excluded_lines": 0, "percent_statements_covered": 100.0, "percent_statements_covered_display": "100"}, "missing_lines": [], "excluded_lines": [], "start_line": 51}, "create_user": {"executed_lines": [70, 71, 72, 73, 77, 79], "summary": {"covered_lines": 6, "num_statements": 6, "percent_covered": 100.0, "percent_covered_display": "100", "missing_lines": 0, "excluded_lines": 0, "percent_statements_covered": 100.0, "percent_statements_covered_display": "100"}, "missing_lines": [], "excluded_lines": [], "start_line": 56}, "update_user": {"executed_lines": [83, 84, 85, 86, 87, 88, 89], "summary": {"covered_lines": 7, "num_statements": 7, "percent_covered": 100.0, "percent_covered_display": "100", "missing_lines": 0, "excluded_lines": 0, "percent_statements_covered": 100.0, "percent_statements_covered_display": "100"}, "missing_lines": [], "excluded_lines": [], "start_line": 82}, "delete_user": {"executed_lines": [93, 94], "summary": {"covered_lines": 2, "num_statements": 2, "percent_covered": 100.0, "percent_covered_display": "100", "missing_lines": 0, "excluded_lines": 0, "percent_statements_covered": 100.0, "percent_statements_covered_display": "100"}, "missing_lines": [], "excluded_lines": [], "start_line": 92}, "list_organizations_for_user": {"executed_lines": [98, 106], "summary": {"covered_lines": 2, "num_statements": 2, "percent_covered": 100.0, "percent_covered_display": "100", "missing_lines": 0, "excluded_lines": 0, "percent_statements_covered": 100.0, "percent_statements_covered_display": "100"}, "missing_lines": [], "excluded_lines": [], "start_line": 97}, "list_organizations_for_users": {"executed_lines": [110, 111, 112, 120, 121, 122, 123, 124], "summary": {"covered_lines": 8, "num_statements": 8, "percent_covered": 100.0, "percent_covered_display": "100", "missing_lines": 0, "excluded_lines": 0, "percent_statements_covered": 100.0, "percent_statements_covered_display": "100"}, "missing_lines": [], "excluded_lines": [], "start_line": 109}, "": {"executed_lines": [14, 15, 17, 18, 19, 21, 22, 26, 27, 28, 31, 51, 56, 82, 92, 97, 109], "summary": {"covered_lines": 17, "num_statements": 17, "percent_covered": 100.0, "percent_covered_display": "100", "missing_lines": 0, "excluded_lines": 0, "percent_statements_covered": 100.0, "percent_statements_covered_display": "100"}, "missing_lines": [], "excluded_lines": [], "start_line": 1}}, "classes": {"": {"executed_lines": [14, 15, 17, 18, 19, 21, 22, 26, 27, 28, 31, 41, 42, 43, 46, 48, 51, 52, 53, 56, 70, 71, 72, 73, 77, 79, 82, 83, 84, 85, 86, 87, 88, 89, 92, 93, 94, 97, 98, 106, 109, 110, 111, 112, 120, 121, 122, 123, 124], "summary": {"covered_lines": 49, "num_statements": 49, "percent_covered": 100.0, "percent_covered_display": "100", "missing_lines": 0, "excluded_lines": 0, "percent_statements_covered": 100.0, "percent_statements_covered_display": "100"}, "missing_lines": [], "excluded_lines": [], "start_line": 1}}}}, "totals": {"covered_lines": 1958, "num_statements": 2051, "percent_covered": 95.465626523647, "percent_covered_display": "95", "missing_lines": 93, "excluded_lines": 12, "percent_statements_covered": 95.465626523647, "percent_statements_covered_display": "95"}}